#
# There is insufficient memory for the Java Runtime Environment to continue.
# Native memory allocation (malloc) failed to allocate 879536 bytes for Chunk::new
# Possible reasons:
#   The system is out of physical RAM or swap space
#   The process is running with CompressedOops enabled, and the Java Heap may be blocking the growth of the native heap
# Possible solutions:
#   Reduce memory load on the system
#   Increase physical memory or swap space
#   Check if swap backing store is full
#   Decrease Java heap size (-Xmx/-Xms)
#   Decrease number of Java threads
#   Decrease Java thread stack sizes (-Xss)
#   Set larger code cache with -XX:ReservedCodeCacheSize=
#   JVM is running with Unscaled Compressed Oops mode in which the Java heap is
#     placed in the first 4GB address space. The Java Heap base address is the
#     maximum limit for the native heap growth. Please use -XX:HeapBaseMinAddress
#     to set the Java Heap base and to place the Java Heap above 4GB virtual address.
# This output file may be truncated or incomplete.
#
#  Out of Memory Error (allocation.cpp:389), pid=22328, tid=0x000000000000364c
#
# JRE version: OpenJDK Runtime Environment (8.0_242-b01) (build 1.8.0_242-release-1644-b01)
# Java VM: OpenJDK 64-Bit Server VM (25.242-b01 mixed mode windows-amd64 compressed oops)
# Failed to write core dump. Minidumps are not enabled by default on client versions of Windows
#

---------------  T H R E A D  ---------------

Current thread (0x0000000019890800):  JavaThread "C2 CompilerThread0" daemon [_thread_in_native, id=13900, stack(0x000000001a000000,0x000000001a100000)]

Stack: [0x000000001a000000,0x000000001a100000]
[error occurred during error reporting (printing stack bounds), id 0xc0000005]

Native frames: (J=compiled Java code, j=interpreted, Vv=VM code, C=native code)


Current CompileTask:
C2:  12826 4760       4       java.lang.Class::getMethod0 (40 bytes)


---------------  P R O C E S S  ---------------

Java Threads: ( => current thread )
  0x000000001cc30000 JavaThread "Cache worker for Build Output Cleanup Cache (F:\Develop Android Software\Androd Studio\AndroidStudio Workspace\musicplayer\.gradle\buildOutputCleanup)" [_thread_blocked, id=27784, stack(0x00000000249b0000,0x0000000024ab0000)]
  0x000000001cc2f000 JavaThread "Build operations Thread 8" [_thread_blocked, id=19788, stack(0x0000000024220000,0x0000000024320000)]
  0x000000001cc2e800 JavaThread "Build operations Thread 7" [_thread_blocked, id=3296, stack(0x0000000024120000,0x0000000024220000)]
  0x000000001cc27800 JavaThread "Build operations Thread 6" [_thread_blocked, id=21416, stack(0x0000000024020000,0x0000000024120000)]
  0x000000001cc2c000 JavaThread "Build operations Thread 5" [_thread_blocked, id=28484, stack(0x0000000023f20000,0x0000000024020000)]
  0x000000001cc2d000 JavaThread "Build operations Thread 4" [_thread_blocked, id=9424, stack(0x0000000023e20000,0x0000000023f20000)]
  0x000000001cc2b800 JavaThread "Build operations Thread 3" [_thread_blocked, id=16940, stack(0x0000000023d20000,0x0000000023e20000)]
  0x000000001cc2a000 JavaThread "Build operations Thread 2" [_thread_blocked, id=26832, stack(0x0000000023c20000,0x0000000023d20000)]
  0x000000001cc29000 JavaThread "Build operations" [_thread_blocked, id=21372, stack(0x0000000023850000,0x0000000023950000)]
  0x000000001b8d5800 JavaThread "Cache worker for execution history cache (C:\Users\HY\.gradle\caches\6.1.1\executionHistory)" [_thread_blocked, id=22648, stack(0x0000000021d80000,0x0000000021e80000)]
  0x000000001b8d9000 JavaThread "Cache worker for cache directory md-rule (C:\Users\HY\.gradle\caches\6.1.1\md-rule)" [_thread_blocked, id=20648, stack(0x00000000209e0000,0x0000000020ae0000)]
  0x000000001b8da800 JavaThread "Cache worker for cache directory md-supplier (C:\Users\HY\.gradle\caches\6.1.1\md-supplier)" [_thread_blocked, id=25660, stack(0x0000000020740000,0x0000000020840000)]
  0x000000001b8d9800 JavaThread "Cache worker for file hash cache (F:\Develop Android Software\Androd Studio\AndroidStudio Workspace\musicplayer\.gradle\6.1.1\fileHashes)" [_thread_blocked, id=27932, stack(0x00000000208e0000,0x00000000209e0000)]
  0x000000001b8d8000 JavaThread "Cache worker for checksums cache (F:\Develop Android Software\Androd Studio\AndroidStudio Workspace\musicplayer\.gradle\checksums)" [_thread_blocked, id=14056, stack(0x000000001e250000,0x000000001e350000)]
  0x000000001b8dc000 JavaThread "Cache worker for file hash cache (C:\Users\HY\.gradle\caches\6.1.1\fileHashes)" [_thread_blocked, id=19772, stack(0x000000001e150000,0x000000001e250000)]
  0x000000001b8d6800 JavaThread "File lock request listener" [_thread_in_native, id=24420, stack(0x000000001e050000,0x000000001e150000)]
  0x000000001b13c000 JavaThread "Cache worker for journal cache (C:\Users\HY\.gradle\caches\journal-1)" [_thread_blocked, id=12804, stack(0x000000001df50000,0x000000001e050000)]
  0x000000001abff000 JavaThread "Thread-9" [_thread_blocked, id=23880, stack(0x000000001dc50000,0x000000001dd50000)]
  0x000000001ac67000 JavaThread "Stdin handler" [_thread_blocked, id=27140, stack(0x000000001db50000,0x000000001dc50000)]
  0x000000001b26e000 JavaThread "Asynchronous log dispatcher for DefaultDaemonConnection: socket connection from /127.0.0.1:14068 to /127.0.0.1:14082" [_thread_blocked, id=26508, stack(0x000000001d950000,0x000000001da50000)]
  0x000000001b32a800 JavaThread "Daemon worker" [_thread_in_vm, id=2444, stack(0x000000001d850000,0x000000001d950000)]
  0x000000001b27b000 JavaThread "Cancel handler" [_thread_blocked, id=624, stack(0x000000001d750000,0x000000001d850000)]
  0x000000001b006000 JavaThread "Handler for socket connection from /127.0.0.1:14068 to /127.0.0.1:14082" [_thread_in_native, id=28348, stack(0x000000001d450000,0x000000001d550000)]
  0x000000001b008000 JavaThread "Daemon" [_thread_blocked, id=23300, stack(0x000000001d350000,0x000000001d450000)]
  0x000000001b10a000 JavaThread "Daemon periodic checks" [_thread_blocked, id=25052, stack(0x000000001d250000,0x000000001d350000)]
  0x000000001c251000 JavaThread "Incoming local TCP Connector on port 14068" [_thread_in_native, id=22628, stack(0x000000001d0a0000,0x000000001d1a0000)]
  0x000000001c1d7000 JavaThread "Daemon health stats" [_thread_blocked, id=18028, stack(0x000000001cfa0000,0x000000001d0a0000)]
  0x000000001991c800 JavaThread "Service Thread" daemon [_thread_blocked, id=24244, stack(0x000000001a400000,0x000000001a500000)]
  0x000000001989b000 JavaThread "C1 CompilerThread3" daemon [_thread_in_vm, id=22296, stack(0x000000001a300000,0x000000001a400000)]
  0x0000000019894800 JavaThread "C2 CompilerThread2" daemon [_thread_in_native, id=18644, stack(0x000000001a200000,0x000000001a300000)]
  0x0000000017a1b800 JavaThread "C2 CompilerThread1" daemon [_thread_in_native, id=26060, stack(0x000000001a100000,0x000000001a200000)]
=>0x0000000019890800 JavaThread "C2 CompilerThread0" daemon [_thread_in_native, id=13900, stack(0x000000001a000000,0x000000001a100000)]
  0x000000001988f000 JavaThread "Attach Listener" daemon [_thread_blocked, id=24908, stack(0x0000000019f00000,0x000000001a000000)]
  0x000000001983d000 JavaThread "Signal Dispatcher" daemon [_thread_blocked, id=24004, stack(0x0000000019e00000,0x0000000019f00000)]
  0x0000000019820800 JavaThread "Finalizer" daemon [_thread_blocked, id=19716, stack(0x0000000019d00000,0x0000000019e00000)]
  0x0000000002998000 JavaThread "Reference Handler" daemon [_thread_blocked, id=27608, stack(0x0000000019c00000,0x0000000019d00000)]
  0x00000000028a2800 JavaThread "main" [_thread_blocked, id=4548, stack(0x0000000002730000,0x0000000002830000)]

Other Threads:
  0x0000000017a05800 VMThread [stack: 0x0000000019700000,0x0000000019800000] [id=19928]
  0x000000001991d800 WatcherThread [stack: 0x000000001a500000,0x000000001a600000] [id=25088]

VM state:not at safepoint (normal execution)

VM Mutex/Monitor currently owned by a thread: None

heap address: 0x0000000080000000, size: 2048 MB, Compressed Oops mode: 32-bit
Narrow klass base: 0x0000000000000000, Narrow klass shift: 3
Compressed class space size: 1073741824 Address: 0x0000000100000000

Heap:
 PSYoungGen      total 132096K, used 113907K [0x00000000d5580000, 0x00000000de400000, 0x0000000100000000)
  eden space 121344K, 85% used [0x00000000d5580000,0x00000000dba40468,0x00000000dcc00000)
  from space 10752K, 99% used [0x00000000dd980000,0x00000000de3fc890,0x00000000de400000)
  to   space 12288K, 0% used [0x00000000dcc00000,0x00000000dcc00000,0x00000000dd800000)
 ParOldGen       total 126464K, used 20141K [0x0000000080000000, 0x0000000087b80000, 0x00000000d5580000)
  object space 126464K, 15% used [0x0000000080000000,0x00000000813ab490,0x0000000087b80000)
 Metaspace       used 53677K, capacity 55646K, committed 55976K, reserved 1097728K
  class space    used 7300K, capacity 7744K, committed 7856K, reserved 1048576K

Card table byte_map: [0x0000000011d60000,0x0000000012170000] byte_map_base: 0x0000000011960000

Marking Bits: (ParMarkBitMap*) 0x000000005cecf030
 Begin Bits: [0x0000000012c20000, 0x0000000014c20000)
 End Bits:   [0x0000000014c20000, 0x0000000016c20000)

Polling page: 0x00000000006a0000

CodeCache: size=245760Kb used=15511Kb max_used=15511Kb free=230248Kb
 bounds [0x00000000029a0000, 0x00000000038e0000, 0x00000000119a0000]
 total_blobs=5284 nmethods=4511 adapters=685
 compilation: enabled

Compilation events (10 events):
Event: 12.813 Thread 0x000000001989b000 nmethod 4844 0x00000000038bde10 code [0x00000000038bdf80, 0x00000000038be2a8]
Event: 12.813 Thread 0x000000001989b000 4845       3       java.util.Collections::unmodifiableSet (9 bytes)
Event: 12.813 Thread 0x000000001989b000 nmethod 4845 0x00000000038be410 code [0x00000000038be5a0, 0x00000000038be948]
Event: 12.813 Thread 0x000000001989b000 4846       1       org.gradle.api.internal.artifacts.result.DefaultResolvedDependencyResult::getSelected (5 bytes)
Event: 12.814 Thread 0x000000001989b000 nmethod 4846 0x00000000038beb10 code [0x00000000038bec60, 0x00000000038bed70]
Event: 12.814 Thread 0x000000001989b000 4847       1       org.gradle.api.internal.artifacts.result.DefaultResolvedComponentResult::getModuleVersion (5 bytes)
Event: 12.814 Thread 0x000000001989b000 nmethod 4847 0x00000000038bedd0 code [0x00000000038bef20, 0x00000000038bf030]
Event: 12.814 Thread 0x000000001989b000 4849       3       com.android.build.gradle.internal.utils.GradlePluginUtils::visitDependency (404 bytes)
Event: 12.823 Thread 0x000000001989b000 nmethod 4849 0x00000000038bf090 code [0x00000000038bf860, 0x00000000038c4d48]
Event: 12.823 Thread 0x000000001989b000 4848       1       com.android.build.gradle.internal.utils.DependencyInfo::getDependencyGroup (5 bytes)

GC Heap History (10 events):
Event: 7.765 GC heap before
{Heap before GC invocations=6 (full 1):
 PSYoungGen      total 76288K, used 65536K [0x00000000d5580000, 0x00000000dea80000, 0x0000000100000000)
  eden space 65536K, 100% used [0x00000000d5580000,0x00000000d9580000,0x00000000d9580000)
  from space 10752K, 0% used [0x00000000da000000,0x00000000da000000,0x00000000daa80000)
  to   space 10752K, 0% used [0x00000000d9580000,0x00000000d9580000,0x00000000da000000)
 ParOldGen       total 81920K, used 7257K [0x0000000080000000, 0x0000000085000000, 0x00000000d5580000)
  object space 81920K, 8% used [0x0000000080000000,0x0000000080716648,0x0000000085000000)
 Metaspace       used 28216K, capacity 28928K, committed 29232K, reserved 1075200K
  class space    used 3895K, capacity 4131K, committed 4144K, reserved 1048576K
Event: 7.776 GC heap after
Heap after GC invocations=6 (full 1):
 PSYoungGen      total 76288K, used 8008K [0x00000000d5580000, 0x00000000de600000, 0x0000000100000000)
  eden space 65536K, 0% used [0x00000000d5580000,0x00000000d5580000,0x00000000d9580000)
  from space 10752K, 74% used [0x00000000d9580000,0x00000000d9d52320,0x00000000da000000)
  to   space 12800K, 0% used [0x00000000dd980000,0x00000000dd980000,0x00000000de600000)
 ParOldGen       total 81920K, used 7265K [0x0000000080000000, 0x0000000085000000, 0x00000000d5580000)
  object space 81920K, 8% used [0x0000000080000000,0x0000000080718648,0x0000000085000000)
 Metaspace       used 28216K, capacity 28928K, committed 29232K, reserved 1075200K
  class space    used 3895K, capacity 4131K, committed 4144K, reserved 1048576K
}
Event: 8.529 GC heap before
{Heap before GC invocations=7 (full 1):
 PSYoungGen      total 76288K, used 73544K [0x00000000d5580000, 0x00000000de600000, 0x0000000100000000)
  eden space 65536K, 100% used [0x00000000d5580000,0x00000000d9580000,0x00000000d9580000)
  from space 10752K, 74% used [0x00000000d9580000,0x00000000d9d52320,0x00000000da000000)
  to   space 12800K, 0% used [0x00000000dd980000,0x00000000dd980000,0x00000000de600000)
 ParOldGen       total 81920K, used 7265K [0x0000000080000000, 0x0000000085000000, 0x00000000d5580000)
  object space 81920K, 8% used [0x0000000080000000,0x0000000080718648,0x0000000085000000)
 Metaspace       used 32232K, capacity 33060K, committed 33328K, reserved 1077248K
  class space    used 4391K, capacity 4613K, committed 4656K, reserved 1048576K
Event: 8.544 GC heap after
Heap after GC invocations=7 (full 1):
 PSYoungGen      total 132096K, used 8664K [0x00000000d5580000, 0x00000000de400000, 0x0000000100000000)
  eden space 121344K, 0% used [0x00000000d5580000,0x00000000d5580000,0x00000000dcc00000)
  from space 10752K, 80% used [0x00000000dd980000,0x00000000de1f6348,0x00000000de400000)
  to   space 12288K, 0% used [0x00000000dcc00000,0x00000000dcc00000,0x00000000dd800000)
 ParOldGen       total 81920K, used 7273K [0x0000000080000000, 0x0000000085000000, 0x00000000d5580000)
  object space 81920K, 8% used [0x0000000080000000,0x000000008071a648,0x0000000085000000)
 Metaspace       used 32232K, capacity 33060K, committed 33328K, reserved 1077248K
  class space    used 4391K, capacity 4613K, committed 4656K, reserved 1048576K
}
Event: 9.026 GC heap before
{Heap before GC invocations=8 (full 1):
 PSYoungGen      total 132096K, used 59638K [0x00000000d5580000, 0x00000000de400000, 0x0000000100000000)
  eden space 121344K, 42% used [0x00000000d5580000,0x00000000d87477b0,0x00000000dcc00000)
  from space 10752K, 80% used [0x00000000dd980000,0x00000000de1f6348,0x00000000de400000)
  to   space 12288K, 0% used [0x00000000dcc00000,0x00000000dcc00000,0x00000000dd800000)
 ParOldGen       total 81920K, used 7273K [0x0000000080000000, 0x0000000085000000, 0x00000000d5580000)
  object space 81920K, 8% used [0x0000000080000000,0x000000008071a648,0x0000000085000000)
 Metaspace       used 34557K, capacity 35442K, committed 35496K, reserved 1079296K
  class space    used 4741K, capacity 5006K, committed 5040K, reserved 1048576K
Event: 9.040 GC heap after
Heap after GC invocations=8 (full 1):
 PSYoungGen      total 133632K, used 8780K [0x00000000d5580000, 0x00000000de400000, 0x0000000100000000)
  eden space 121344K, 0% used [0x00000000d5580000,0x00000000d5580000,0x00000000dcc00000)
  from space 12288K, 71% used [0x00000000dcc00000,0x00000000dd4931a8,0x00000000dd800000)
  to   space 10752K, 0% used [0x00000000dd980000,0x00000000dd980000,0x00000000de400000)
 ParOldGen       total 81920K, used 7281K [0x0000000080000000, 0x0000000085000000, 0x00000000d5580000)
  object space 81920K, 8% used [0x0000000080000000,0x000000008071c648,0x0000000085000000)
 Metaspace       used 34557K, capacity 35442K, committed 35496K, reserved 1079296K
  class space    used 4741K, capacity 5006K, committed 5040K, reserved 1048576K
}
Event: 9.040 GC heap before
{Heap before GC invocations=9 (full 2):
 PSYoungGen      total 133632K, used 8780K [0x00000000d5580000, 0x00000000de400000, 0x0000000100000000)
  eden space 121344K, 0% used [0x00000000d5580000,0x00000000d5580000,0x00000000dcc00000)
  from space 12288K, 71% used [0x00000000dcc00000,0x00000000dd4931a8,0x00000000dd800000)
  to   space 10752K, 0% used [0x00000000dd980000,0x00000000dd980000,0x00000000de400000)
 ParOldGen       total 81920K, used 7281K [0x0000000080000000, 0x0000000085000000, 0x00000000d5580000)
  object space 81920K, 8% used [0x0000000080000000,0x000000008071c648,0x0000000085000000)
 Metaspace       used 34557K, capacity 35442K, committed 35496K, reserved 1079296K
  class space    used 4741K, capacity 5006K, committed 5040K, reserved 1048576K
Event: 9.163 GC heap after
Heap after GC invocations=9 (full 2):
 PSYoungGen      total 133632K, used 0K [0x00000000d5580000, 0x00000000de400000, 0x0000000100000000)
  eden space 121344K, 0% used [0x00000000d5580000,0x00000000d5580000,0x00000000dcc00000)
  from space 12288K, 0% used [0x00000000dcc00000,0x00000000dcc00000,0x00000000dd800000)
  to   space 10752K, 0% used [0x00000000dd980000,0x00000000dd980000,0x00000000de400000)
 ParOldGen       total 126464K, used 15513K [0x0000000080000000, 0x0000000087b80000, 0x00000000d5580000)
  object space 126464K, 12% used [0x0000000080000000,0x0000000080f265a0,0x0000000087b80000)
 Metaspace       used 34557K, capacity 35442K, committed 35496K, reserved 1079296K
  class space    used 4741K, capacity 5006K, committed 5040K, reserved 1048576K
}
Event: 11.104 GC heap before
{Heap before GC invocations=10 (full 2):
 PSYoungGen      total 133632K, used 121344K [0x00000000d5580000, 0x00000000de400000, 0x0000000100000000)
  eden space 121344K, 100% used [0x00000000d5580000,0x00000000dcc00000,0x00000000dcc00000)
  from space 12288K, 0% used [0x00000000dcc00000,0x00000000dcc00000,0x00000000dd800000)
  to   space 10752K, 0% used [0x00000000dd980000,0x00000000dd980000,0x00000000de400000)
 ParOldGen       total 126464K, used 15513K [0x0000000080000000, 0x0000000087b80000, 0x00000000d5580000)
  object space 126464K, 12% used [0x0000000080000000,0x0000000080f265a0,0x0000000087b80000)
 Metaspace       used 44469K, capacity 46036K, committed 46120K, reserved 1089536K
  class space    used 6025K, capacity 6398K, committed 6448K, reserved 1048576K
Event: 11.122 GC heap after
Heap after GC invocations=10 (full 2):
 PSYoungGen      total 132096K, used 10738K [0x00000000d5580000, 0x00000000de400000, 0x0000000100000000)
  eden space 121344K, 0% used [0x00000000d5580000,0x00000000d5580000,0x00000000dcc00000)
  from space 10752K, 99% used [0x00000000dd980000,0x00000000de3fc890,0x00000000de400000)
  to   space 12288K, 0% used [0x00000000dcc00000,0x00000000dcc00000,0x00000000dd800000)
 ParOldGen       total 126464K, used 20141K [0x0000000080000000, 0x0000000087b80000, 0x00000000d5580000)
  object space 126464K, 15% used [0x0000000080000000,0x00000000813ab490,0x0000000087b80000)
 Metaspace       used 44469K, capacity 46036K, committed 46120K, reserved 1089536K
  class space    used 6025K, capacity 6398K, committed 6448K, reserved 1048576K
}

Deoptimization events (10 events):
Event: 10.995 Thread 0x000000001b32a800 Uncommon trap: reason=unstable_if action=reinterpret pc=0x0000000003574704 method=java.security.CodeSource.matchCerts(Ljava/security/CodeSource;Z)Z @ 11
Event: 10.995 Thread 0x000000001b32a800 Uncommon trap: reason=unstable_if action=reinterpret pc=0x000000000351fd28 method=java.lang.ClassLoader.compareCerts([Ljava/security/cert/Certificate;[Ljava/security/cert/Certificate;)Z @ 1
Event: 11.024 Thread 0x000000001b32a800 Uncommon trap: reason=unstable_if action=reinterpret pc=0x00000000034bc558 method=java.util.LinkedHashMap.get(Ljava/lang/Object;)Ljava/lang/Object; @ 20
Event: 11.085 Thread 0x000000001b32a800 Uncommon trap: reason=unstable_if action=reinterpret pc=0x000000000356effc method=java.security.CodeSource.matchCerts(Ljava/security/CodeSource;Z)Z @ 11
Event: 11.199 Thread 0x000000001b32a800 Uncommon trap: reason=unstable_if action=reinterpret pc=0x000000000301c3e8 method=org.objectweb.asm.ByteVector.putUTF8(Ljava/lang/String;)Lorg/objectweb/asm/ByteVector; @ 93
Event: 11.714 Thread 0x000000001b32a800 Uncommon trap: reason=unstable_if action=reinterpret pc=0x0000000003489270 method=org.gradle.internal.reflect.PropertyAccessorType.of(Ljava/lang/reflect/Method;)Lorg/gradle/internal/reflect/PropertyAccessorType; @ 56
Event: 11.908 Thread 0x000000001b32a800 Uncommon trap: reason=unstable_if action=reinterpret pc=0x0000000002bc1e30 method=org.gradle.internal.instantiation.generator.AbstractClassGenerator$InjectionAnnotationValidator.validateMethod(Ljava/lang/reflect/Method;Lorg/gradle/internal/reflect/Propert
Event: 11.908 Thread 0x000000001b32a800 Uncommon trap: reason=unstable_if action=reinterpret pc=0x0000000002d7e670 method=org.gradle.internal.instantiation.generator.AbstractClassGenerator$InjectionAnnotationValidator.validateMethod(Ljava/lang/reflect/Method;Lorg/gradle/internal/reflect/Propert
Event: 12.776 Thread 0x000000001b32a800 Uncommon trap: reason=bimorphic action=maybe_recompile pc=0x000000000326e0c0 method=java.util.AbstractCollection.addAll(Ljava/util/Collection;)Z @ 29
Event: 12.802 Thread 0x000000001b32a800 Uncommon trap: reason=unstable_if action=reinterpret pc=0x000000000333ff38 method=com.esotericsoftware.kryo.io.Input.require(I)I @ 65

Classes redefined (0 events):
No events

Internal exceptions (10 events):
Event: 12.176 Thread 0x000000001b32a800 Exception <a 'java/lang/ClassNotFoundException': org/gradle/api/plugins/BasePluginConventionBeanInfo> (0x00000000d99bf3a8) thrown at [C:\src\AOSP-openjdk-git\hotspot\src\share\vm\classfile\systemDictionary.cpp, line 210]
Event: 12.177 Thread 0x000000001b32a800 Exception <a 'java/lang/ClassNotFoundException': org/gradle/api/plugins/BasePluginConventionCustomizer> (0x00000000d99eb548) thrown at [C:\src\AOSP-openjdk-git\hotspot\src\share\vm\classfile\systemDictionary.cpp, line 210]
Event: 12.179 Thread 0x000000001b32a800 Exception <a 'java/lang/ClassNotFoundException': org/gradle/api/plugins/internal/DefaultBasePluginConventionCustomizer> (0x00000000d9a34da8) thrown at [C:\src\AOSP-openjdk-git\hotspot\src\share\vm\classfile\systemDictionary.cpp, line 210]
Event: 12.186 Thread 0x000000001b32a800 Exception <a 'java/lang/NoSuchMethodError': java.lang.Object.lambda$comparingInt$7b0bb60$1(Ljava/util/function/ToIntFunction;Ljava/lang/Object;Ljava/lang/Object;)I> (0x00000000d9aa5ca0) thrown at [C:\src\AOSP-openjdk-git\hotspot\src\share\vm\interpreter\l
Event: 12.727 Thread 0x000000001b32a800 Exception <a 'java/lang/ClassNotFoundException': com/android/build/gradle/internal/api/ApkVariantOutputImpl_DecoratedBeanInfo> (0x00000000db1d1ff8) thrown at [C:\src\AOSP-openjdk-git\hotspot\src\share\vm\classfile\systemDictionary.cpp, line 210]
Event: 12.728 Thread 0x000000001b32a800 Exception <a 'java/lang/ClassNotFoundException': com/android/build/gradle/internal/api/ApkVariantOutputImplBeanInfo> (0x00000000db1ef048) thrown at [C:\src\AOSP-openjdk-git\hotspot\src\share\vm\classfile\systemDictionary.cpp, line 210]
Event: 12.728 Thread 0x000000001b32a800 Exception <a 'java/lang/ClassNotFoundException': com/android/build/gradle/internal/api/BaseVariantOutputImplBeanInfo> (0x00000000db20d470) thrown at [C:\src\AOSP-openjdk-git\hotspot\src\share\vm\classfile\systemDictionary.cpp, line 210]
Event: 12.729 Thread 0x000000001b32a800 Exception <a 'java/lang/ClassNotFoundException': com/android/build/gradle/internal/api/BaseVariantOutputImplCustomizer> (0x00000000db22be68) thrown at [C:\src\AOSP-openjdk-git\hotspot\src\share\vm\classfile\systemDictionary.cpp, line 210]
Event: 12.730 Thread 0x000000001b32a800 Exception <a 'java/lang/ClassNotFoundException': com/android/build/gradle/internal/api/ApkVariantOutputImplCustomizer> (0x00000000db264438) thrown at [C:\src\AOSP-openjdk-git\hotspot\src\share\vm\classfile\systemDictionary.cpp, line 210]
Event: 12.731 Thread 0x000000001b32a800 Exception <a 'java/lang/ClassNotFoundException': com/android/build/gradle/internal/api/ApkVariantOutputImpl_DecoratedCustomizer> (0x00000000db297fa8) thrown at [C:\src\AOSP-openjdk-git\hotspot\src\share\vm\classfile\systemDictionary.cpp, line 210]

Events (10 events):
Event: 12.819 loading class org/gradle/api/internal/artifacts/ivyservice/ShortCircuitEmptyConfigurationResolver$EmptyResolvedConfiguration
Event: 12.819 loading class org/gradle/api/internal/artifacts/ivyservice/ShortCircuitEmptyConfigurationResolver$EmptyResolvedConfiguration done
Event: 12.821 loading class org/gradle/initialization/BuildOperatingFiringTaskExecutionPreparer$CalculateTaskGraph
Event: 12.821 loading class org/gradle/initialization/BuildOperatingFiringTaskExecutionPreparer$CalculateTaskGraph done
Event: 12.821 loading class org/gradle/initialization/BuildOperatingFiringTaskExecutionPreparer$CalculateTaskGraph$2
Event: 12.821 loading class org/gradle/initialization/BuildOperatingFiringTaskExecutionPreparer$CalculateTaskGraph$2 done
Event: 12.822 loading class org/gradle/internal/taskgraph/CalculateTaskGraphBuildOperationType$Details
Event: 12.822 loading class org/gradle/internal/taskgraph/CalculateTaskGraphBuildOperationType$Details done
Event: 12.822 loading class org/gradle/execution/DefaultBuildConfigurationActionExecuter$1
Event: 12.822 loading class org/gradle/execution/DefaultBuildConfigurationActionExecuter$1 done


Dynamic libraries:
0x00007ff752f50000 - 0x00007ff752f81000 	C:\Program Files\Android\Android Studio\jre\bin\java.exe
0x00007ff871880000 - 0x00007ff871a70000 	C:\Windows\SYSTEM32\ntdll.dll
0x00007ff871780000 - 0x00007ff871832000 	C:\Windows\System32\KERNEL32.DLL
0x00007ff86ec80000 - 0x00007ff86ef25000 	C:\Windows\System32\KERNELBASE.dll
0x00007ff86fc70000 - 0x00007ff86fd13000 	C:\Windows\System32\ADVAPI32.dll
0x00007ff86fed0000 - 0x00007ff86ff6e000 	C:\Windows\System32\msvcrt.dll
0x00007ff871340000 - 0x00007ff8713d7000 	C:\Windows\System32\sechost.dll
0x00007ff871110000 - 0x00007ff87122f000 	C:\Windows\System32\RPCRT4.dll
0x00007ff86ff70000 - 0x00007ff870104000 	C:\Windows\System32\USER32.dll
0x00007ff86efe0000 - 0x00007ff86f001000 	C:\Windows\System32\win32u.dll
0x00007ff86fd20000 - 0x00007ff86fd46000 	C:\Windows\System32\GDI32.dll
0x00007ff86f790000 - 0x00007ff86f928000 	C:\Windows\System32\gdi32full.dll
0x00007ff86e9a0000 - 0x00007ff86ea3e000 	C:\Windows\System32\msvcp_win.dll
0x00007ff86e8a0000 - 0x00007ff86e99a000 	C:\Windows\System32\ucrtbase.dll
0x00007ff85dcf0000 - 0x00007ff85df74000 	C:\Windows\WinSxS\amd64_microsoft.windows.common-controls_6595b64144ccf1df_6.0.18362.1556_none_9e7e372fe45e41d5\COMCTL32.dll
0x00007ff86f930000 - 0x00007ff86fc66000 	C:\Windows\System32\combase.dll
0x00007ff86ef30000 - 0x00007ff86efb1000 	C:\Windows\System32\bcryptPrimitives.dll
0x00007ff8712b0000 - 0x00007ff8712de000 	C:\Windows\System32\IMM32.DLL
0x000000005bc90000 - 0x000000005bd62000 	C:\Program Files\Android\Android Studio\jre\jre\bin\msvcr100.dll
0x000000005c700000 - 0x000000005cf4b000 	C:\Program Files\Android\Android Studio\jre\jre\bin\server\jvm.dll
0x00007ff870120000 - 0x00007ff870128000 	C:\Windows\System32\PSAPI.DLL
0x00007ff85eb50000 - 0x00007ff85eb5a000 	C:\Windows\SYSTEM32\VERSION.dll
0x00007ff85a1d0000 - 0x00007ff85a1d9000 	C:\Windows\SYSTEM32\WSOCK32.dll
0x00007ff86c720000 - 0x00007ff86c744000 	C:\Windows\SYSTEM32\WINMM.dll
0x00007ff871460000 - 0x00007ff8714cf000 	C:\Windows\System32\WS2_32.dll
0x00007ff86c660000 - 0x00007ff86c68d000 	C:\Windows\SYSTEM32\WINMMBASE.dll
0x00007ff86ec30000 - 0x00007ff86ec7a000 	C:\Windows\System32\cfgmgr32.dll
0x00007ff86c820000 - 0x00007ff86c82f000 	C:\Program Files\Android\Android Studio\jre\jre\bin\verify.dll
0x00007ff86a2b0000 - 0x00007ff86a2d9000 	C:\Program Files\Android\Android Studio\jre\jre\bin\java.dll
0x00007ff86a4c0000 - 0x00007ff86a4d6000 	C:\Program Files\Android\Android Studio\jre\jre\bin\zip.dll
0x00007ff870480000 - 0x00007ff870b67000 	C:\Windows\System32\SHELL32.dll
0x00007ff86fd50000 - 0x00007ff86fdf8000 	C:\Windows\System32\shcore.dll
0x00007ff86f010000 - 0x00007ff86f78b000 	C:\Windows\System32\windows.storage.dll
0x00007ff86e740000 - 0x00007ff86e75e000 	C:\Windows\System32\profapi.dll
0x00007ff86e780000 - 0x00007ff86e7ca000 	C:\Windows\System32\powrprof.dll
0x00007ff86e730000 - 0x00007ff86e740000 	C:\Windows\System32\UMPDC.dll
0x00007ff871230000 - 0x00007ff871282000 	C:\Windows\System32\shlwapi.dll
0x00007ff86e7d0000 - 0x00007ff86e7e1000 	C:\Windows\System32\kernel.appcore.dll
0x00007ff86efc0000 - 0x00007ff86efd7000 	C:\Windows\System32\cryptsp.dll
0x00007ff86a230000 - 0x00007ff86a24a000 	C:\Program Files\Android\Android Studio\jre\jre\bin\net.dll
0x00007ff86df70000 - 0x00007ff86dfd7000 	C:\Windows\system32\mswsock.dll
0x00007ff86a1f0000 - 0x00007ff86a203000 	C:\Program Files\Android\Android Studio\jre\jre\bin\nio.dll
0x00007ff868160000 - 0x00007ff868186000 	C:\Users\HY\.gradle\native\31\windows-amd64\native-platform.dll
0x00007ff86c7f0000 - 0x00007ff86c7fd000 	C:\Program Files\Android\Android Studio\jre\jre\bin\management.dll
0x00007ff86daf0000 - 0x00007ff86db23000 	C:\Windows\system32\rsaenh.dll
0x00007ff86ec00000 - 0x00007ff86ec26000 	C:\Windows\System32\bcrypt.dll
0x00007ff86e620000 - 0x00007ff86e645000 	C:\Windows\SYSTEM32\USERENV.dll
0x00007ff86e140000 - 0x00007ff86e14c000 	C:\Windows\SYSTEM32\CRYPTBASE.dll
0x00007ff86dc80000 - 0x00007ff86dcba000 	C:\Windows\SYSTEM32\IPHLPAPI.DLL
0x00007ff871610000 - 0x00007ff871618000 	C:\Windows\System32\NSI.dll
0x00007ff85eb60000 - 0x00007ff85eb76000 	C:\Windows\SYSTEM32\dhcpcsvc6.DLL
0x00007ff85f520000 - 0x00007ff85f53c000 	C:\Windows\SYSTEM32\dhcpcsvc.DLL
0x00007ff86dcc0000 - 0x00007ff86dd8b000 	C:\Windows\SYSTEM32\DNSAPI.dll

VM Arguments:
jvm_args: -Xmx2048m -Dfile.encoding=UTF-8 -Duser.country=CN -Duser.language=zh -Duser.variant 
java_command: org.gradle.launcher.daemon.bootstrap.GradleDaemon 6.1.1
java_class_path (initial): C:\Users\HY\.gradle\wrapper\dists\gradle-6.1.1-all\cfmwm155h49vnt3hynmlrsdst\gradle-6.1.1\lib\gradle-launcher-6.1.1.jar
Launcher Type: SUN_STANDARD

Environment Variables:
JAVA_HOME=F:\Java\JDK1.8
CLASSPATH=F:\Java\JDK1.8\lib\dt.jar;F:\Java\JDK1.8\lib\tools.jar;
PATH=F:\Java\JDK1.8\bin;F:\Java\JDK1.8\jre\bin;F:\Node\procedure;F:\Node\procedure\node_global;F:\Node\procedure\node_modules;C:\Windows\system32;C:\Windows;C:\Windows\System32\Wbem;C:\Windows\System32\WindowsPowerShell\v1.0\;C:\Windows\System32\OpenSSH\;%CATALINA_HOME%\bin;%CATALINA_HOME%\lib;C:\Program Files\Microsoft SQL Server\120\Tools\Binn\;C:\Program Files\Common Files\Autodesk Shared\;C:\Program Files (x86)\AMD\ATI.ACE\Core-Static;F:\BOSCMD\windows-bcecmd-0.3.0;H:\GIS\superMap\ioboject\9.0.1\Bin;C:\Program Files\MongoDB\Server\4.2\bin;C:\Users\HY\AppData\Local\Android\Sdk\platform-tools;C:\Program Files\TortoiseGit\bin;C:\Program Files\TortoiseSVN\bin;F:\Git\Git\cmd;C:\Program Files\VisualSVN Server\bin;C:\Users\HY\AppData\Local\Programs\Python\Python39\Scripts\;C:\Users\HY\AppData\Local\Programs\Python\Python39\;C:\Users\HY\AppData\Local\Microsoft\WindowsApps;;C:\Users\HY\AppData\Local\Programs\Microsoft VS Code\bin
USERNAME=HY
OS=Windows_NT
PROCESSOR_IDENTIFIER=Intel64 Family 6 Model 60 Stepping 3, GenuineIntel



---------------  S Y S T E M  ---------------

OS: Windows 10.0 , 64 bit Build 18362 (10.0.18362.1500)

CPU:total 8 (initial active 8) (4 cores per cpu, 2 threads per core) family 6 model 60 stepping 3, cmov, cx8, fxsr, mmx, sse, sse2, sse3, ssse3, sse4.1, sse4.2, popcnt, avx, avx2, aes, clmul, erms, lzcnt, ht, tsc, tscinvbit, bmi1, bmi2

Memory: 4k page, physical 16680348k(5005076k free), swap 26332248k(5888k free)

vm_info: OpenJDK 64-Bit Server VM (25.242-b01) for windows-amd64 JRE (1.8.0_242-release-1644-b01), built by "builder" with MS VC++ 10.0 (VS2010)

time: Wed Oct 06 13:55:40 2021
timezone: 中国标准时间
elapsed time: 12 seconds (0d 0h 0m 12s)

