#
# There is insufficient memory for the Java Runtime Environment to continue.
# Native memory allocation (malloc) failed to allocate 1645936 bytes for Chunk::new
# Possible reasons:
#   The system is out of physical RAM or swap space
#   The process is running with CompressedOops enabled, and the Java Heap may be blocking the growth of the native heap
# Possible solutions:
#   Reduce memory load on the system
#   Increase physical memory or swap space
#   Check if swap backing store is full
#   Decrease Java heap size (-Xmx/-Xms)
#   Decrease number of Java threads
#   Decrease Java thread stack sizes (-Xss)
#   Set larger code cache with -XX:ReservedCodeCacheSize=
#   JVM is running with Unscaled Compressed Oops mode in which the Java heap is
#     placed in the first 4GB address space. The Java Heap base address is the
#     maximum limit for the native heap growth. Please use -XX:HeapBaseMinAddress
#     to set the Java Heap base and to place the Java Heap above 4GB virtual address.
# This output file may be truncated or incomplete.
#
#  Out of Memory Error (allocation.cpp:389), pid=16340, tid=0x00000000000062b4
#
# JRE version: OpenJDK Runtime Environment (8.0_242-b01) (build 1.8.0_242-release-1644-b01)
# Java VM: OpenJDK 64-Bit Server VM (25.242-b01 mixed mode windows-amd64 compressed oops)
# Failed to write core dump. Minidumps are not enabled by default on client versions of Windows
#

---------------  T H R E A D  ---------------

Current thread (0x0000000019c5c000):  JavaThread "C2 CompilerThread1" daemon [_thread_in_native, id=25268, stack(0x000000001a520000,0x000000001a620000)]

Stack: [0x000000001a520000,0x000000001a620000]
[error occurred during error reporting (printing stack bounds), id 0xc0000005]

Native frames: (J=compiled Java code, j=interpreted, Vv=VM code, C=native code)


Current CompileTask:
C2:   9190 2555       4       groovy.lang.MetaClassImpl$1MOPIter::methodNameAction (325 bytes)


---------------  P R O C E S S  ---------------

Java Threads: ( => current thread )
  0x000000001bb97800 JavaThread "Cache worker for execution history cache (C:\Users\HY\.gradle\caches\6.1.1\executionHistory)" [_thread_blocked, id=21872, stack(0x00000000221d0000,0x00000000222d0000)]
  0x000000001bb98800 JavaThread "Cache worker for cache directory md-rule (C:\Users\HY\.gradle\caches\6.1.1\md-rule)" [_thread_blocked, id=27496, stack(0x0000000020e30000,0x0000000020f30000)]
  0x000000001bb94800 JavaThread "Cache worker for cache directory md-supplier (C:\Users\HY\.gradle\caches\6.1.1\md-supplier)" [_thread_blocked, id=23088, stack(0x0000000020b90000,0x0000000020c90000)]
  0x000000001bb92000 JavaThread "Cache worker for file hash cache (F:\Develop Android Software\Androd Studio\AndroidStudio Workspace\musicplayer\.gradle\6.1.1\fileHashes)" [_thread_blocked, id=22268, stack(0x0000000020d30000,0x0000000020e30000)]
  0x000000001bb99000 JavaThread "Cache worker for checksums cache (F:\Develop Android Software\Androd Studio\AndroidStudio Workspace\musicplayer\.gradle\checksums)" [_thread_blocked, id=12796, stack(0x000000001e690000,0x000000001e790000)]
  0x000000001bb95000 JavaThread "Cache worker for file hash cache (C:\Users\HY\.gradle\caches\6.1.1\fileHashes)" [_thread_blocked, id=23968, stack(0x000000001e590000,0x000000001e690000)]
  0x000000001bb96800 JavaThread "File lock request listener" [_thread_in_native, id=23316, stack(0x000000001e490000,0x000000001e590000)]
  0x000000001b161800 JavaThread "Cache worker for journal cache (C:\Users\HY\.gradle\caches\journal-1)" [_thread_blocked, id=27560, stack(0x000000001e390000,0x000000001e490000)]
  0x000000001b9d9000 JavaThread "Thread-9" [_thread_blocked, id=21472, stack(0x000000001e090000,0x000000001e190000)]
  0x000000001b9d5800 JavaThread "Stdin handler" [_thread_blocked, id=15396, stack(0x000000001df90000,0x000000001e090000)]
  0x000000001b9da800 JavaThread "Asynchronous log dispatcher for DefaultDaemonConnection: socket connection from /127.0.0.1:13940 to /127.0.0.1:13941" [_thread_blocked, id=18068, stack(0x000000001dd90000,0x000000001de90000)]
  0x000000001b9c1800 JavaThread "Daemon worker" [_thread_in_Java, id=22856, stack(0x000000001dc90000,0x000000001dd90000)]
  0x000000001b9c1000 JavaThread "Cancel handler" [_thread_blocked, id=21516, stack(0x000000001db90000,0x000000001dc90000)]
  0x000000001b3a0800 JavaThread "Handler for socket connection from /127.0.0.1:13940 to /127.0.0.1:13941" [_thread_in_native, id=23152, stack(0x000000001d890000,0x000000001d990000)]
  0x000000001b4eb000 JavaThread "Daemon" [_thread_blocked, id=22560, stack(0x000000001d790000,0x000000001d890000)]
  0x000000001c626000 JavaThread "Daemon periodic checks" [_thread_blocked, id=18300, stack(0x000000001d690000,0x000000001d790000)]
  0x000000001c625000 JavaThread "Incoming local TCP Connector on port 13940" [_thread_in_native, id=26500, stack(0x000000001d4e0000,0x000000001d5e0000)]
  0x000000001c5bd800 JavaThread "Daemon health stats" [_thread_blocked, id=15984, stack(0x000000001d3c0000,0x000000001d4c0000)]
  0x0000000019d4e000 JavaThread "Service Thread" daemon [_thread_blocked, id=8452, stack(0x000000001a820000,0x000000001a920000)]
  0x0000000019cc6800 JavaThread "C1 CompilerThread3" daemon [_thread_in_native, id=27088, stack(0x000000001a720000,0x000000001a820000)]
  0x0000000019cbe000 JavaThread "C2 CompilerThread2" daemon [_thread_in_native, id=24300, stack(0x000000001a620000,0x000000001a720000)]
=>0x0000000019c5c000 JavaThread "C2 CompilerThread1" daemon [_thread_in_native, id=25268, stack(0x000000001a520000,0x000000001a620000)]
  0x0000000019c58800 JavaThread "C2 CompilerThread0" daemon [_thread_blocked, id=22460, stack(0x000000001a420000,0x000000001a520000)]
  0x0000000019c57800 JavaThread "Attach Listener" daemon [_thread_blocked, id=19948, stack(0x000000001a320000,0x000000001a420000)]
  0x0000000019cb0000 JavaThread "Signal Dispatcher" daemon [_thread_blocked, id=19516, stack(0x000000001a220000,0x000000001a320000)]
  0x0000000019c40800 JavaThread "Finalizer" daemon [_thread_blocked, id=27628, stack(0x000000001a120000,0x000000001a220000)]
  0x0000000002dc8000 JavaThread "Reference Handler" daemon [_thread_blocked, id=12400, stack(0x000000001a020000,0x000000001a120000)]
  0x0000000002cd2800 JavaThread "main" [_thread_blocked, id=12076, stack(0x0000000002880000,0x0000000002980000)]

Other Threads:
  0x0000000017e36800 VMThread [stack: 0x0000000019b20000,0x0000000019c20000] [id=27588]
  0x0000000019d4f000 WatcherThread [stack: 0x000000001a920000,0x000000001aa20000] [id=18612]

VM state:not at safepoint (normal execution)

VM Mutex/Monitor currently owned by a thread: None

heap address: 0x0000000080000000, size: 2048 MB, Compressed Oops mode: 32-bit
Narrow klass base: 0x0000000000000000, Narrow klass shift: 3
Compressed class space size: 1073741824 Address: 0x0000000100000000

Heap:
 PSYoungGen      total 133632K, used 10884K [0x00000000d5580000, 0x00000000e4700000, 0x0000000100000000)
  eden space 121344K, 8% used [0x00000000d5580000,0x00000000d60211d8,0x00000000dcc00000)
  from space 12288K, 0% used [0x00000000dcc00000,0x00000000dcc00000,0x00000000dd800000)
  to   space 11776K, 0% used [0x00000000e3b80000,0x00000000e3b80000,0x00000000e4700000)
 ParOldGen       total 81408K, used 15494K [0x0000000080000000, 0x0000000084f80000, 0x00000000d5580000)
  object space 81408K, 19% used [0x0000000080000000,0x0000000080f21b50,0x0000000084f80000)
 Metaspace       used 34884K, capacity 35922K, committed 36136K, reserved 1081344K
  class space    used 4788K, capacity 5062K, committed 5168K, reserved 1048576K

Card table byte_map: [0x0000000012190000,0x00000000125a0000] byte_map_base: 0x0000000011d90000

Marking Bits: (ParMarkBitMap*) 0x000000005cecf030
 Begin Bits: [0x0000000013050000, 0x0000000015050000)
 End Bits:   [0x0000000015050000, 0x0000000017050000)

Polling page: 0x0000000000ff0000

CodeCache: size=245760Kb used=10079Kb max_used=10081Kb free=235680Kb
 bounds [0x0000000002dd0000, 0x00000000037b0000, 0x0000000011dd0000]
 total_blobs=3483 nmethods=2782 adapters=614
 compilation: enabled

Compilation events (10 events):
Event: 9.176 Thread 0x0000000019cc6800 nmethod 2998 0x000000000379a7d0 code [0x000000000379aaa0, 0x000000000379be18]
Event: 9.177 Thread 0x0000000019cc6800 3000       3       jdk.internal.org.objectweb.asm.MethodWriter::getSize (838 bytes)
Event: 9.180 Thread 0x0000000019cc6800 nmethod 3000 0x000000000379c650 code [0x000000000379cac0, 0x000000000379ee88]
Event: 9.180 Thread 0x0000000019cc6800 3001       3       jdk.internal.org.objectweb.asm.MethodWriter::put (1599 bytes)
Event: 9.186 Thread 0x0000000019cc6800 nmethod 3001 0x00000000037a0210 code [0x00000000037a0aa0, 0x00000000037a44b8]
Event: 9.186 Thread 0x0000000019cc6800 3002       3       java.lang.invoke.AbstractValidatingLambdaMetafactory::isAdaptableTo (126 bytes)
Event: 9.187 Thread 0x0000000019cc6800 nmethod 3002 0x00000000037a6990 code [0x00000000037a6c00, 0x00000000037a7b08]
Event: 9.187 Thread 0x0000000019cc6800 3004       3       java.lang.invoke.MethodHandleNatives::refKindHasReceiver (33 bytes)
Event: 9.187 Thread 0x0000000019cc6800 nmethod 3004 0x00000000037a80d0 code [0x00000000037a8220, 0x00000000037a83d0]
Event: 9.187 Thread 0x0000000019cc6800 3005       3       java.lang.invoke.MethodHandles$Lookup::getDirectMethodCommon (271 bytes)

GC Heap History (10 events):
Event: 6.826 GC heap before
{Heap before GC invocations=5 (full 1):
 PSYoungGen      total 76288K, used 7465K [0x00000000d5580000, 0x00000000dea80000, 0x0000000100000000)
  eden space 65536K, 0% used [0x00000000d5580000,0x00000000d5580000,0x00000000d9580000)
  from space 10752K, 69% used [0x00000000da000000,0x00000000da74a478,0x00000000daa80000)
  to   space 10752K, 0% used [0x00000000d9580000,0x00000000d9580000,0x00000000da000000)
 ParOldGen       total 175104K, used 1511K [0x0000000080000000, 0x000000008ab00000, 0x00000000d5580000)
  object space 175104K, 0% used [0x0000000080000000,0x0000000080179d88,0x000000008ab00000)
 Metaspace       used 20594K, capacity 21240K, committed 21296K, reserved 1067008K
  class space    used 2883K, capacity 3088K, committed 3120K, reserved 1048576K
Event: 6.866 GC heap after
Heap after GC invocations=5 (full 1):
 PSYoungGen      total 76288K, used 0K [0x00000000d5580000, 0x00000000dea80000, 0x0000000100000000)
  eden space 65536K, 0% used [0x00000000d5580000,0x00000000d5580000,0x00000000d9580000)
  from space 10752K, 0% used [0x00000000da000000,0x00000000da000000,0x00000000daa80000)
  to   space 10752K, 0% used [0x00000000d9580000,0x00000000d9580000,0x00000000da000000)
 ParOldGen       total 81408K, used 7257K [0x0000000080000000, 0x0000000084f80000, 0x00000000d5580000)
  object space 81408K, 8% used [0x0000000080000000,0x0000000080716460,0x0000000084f80000)
 Metaspace       used 20594K, capacity 21240K, committed 21296K, reserved 1067008K
  class space    used 2883K, capacity 3088K, committed 3120K, reserved 1048576K
}
Event: 7.634 GC heap before
{Heap before GC invocations=6 (full 1):
 PSYoungGen      total 76288K, used 65536K [0x00000000d5580000, 0x00000000dea80000, 0x0000000100000000)
  eden space 65536K, 100% used [0x00000000d5580000,0x00000000d9580000,0x00000000d9580000)
  from space 10752K, 0% used [0x00000000da000000,0x00000000da000000,0x00000000daa80000)
  to   space 10752K, 0% used [0x00000000d9580000,0x00000000d9580000,0x00000000da000000)
 ParOldGen       total 81408K, used 7257K [0x0000000080000000, 0x0000000084f80000, 0x00000000d5580000)
  object space 81408K, 8% used [0x0000000080000000,0x0000000080716460,0x0000000084f80000)
 Metaspace       used 28213K, capacity 28928K, committed 29232K, reserved 1075200K
  class space    used 3895K, capacity 4131K, committed 4144K, reserved 1048576K
Event: 7.641 GC heap after
Heap after GC invocations=6 (full 1):
 PSYoungGen      total 76288K, used 8028K [0x00000000d5580000, 0x00000000de680000, 0x0000000100000000)
  eden space 65536K, 0% used [0x00000000d5580000,0x00000000d5580000,0x00000000d9580000)
  from space 10752K, 74% used [0x00000000d9580000,0x00000000d9d57078,0x00000000da000000)
  to   space 12800K, 0% used [0x00000000dda00000,0x00000000dda00000,0x00000000de680000)
 ParOldGen       total 81408K, used 7265K [0x0000000080000000, 0x0000000084f80000, 0x00000000d5580000)
  object space 81408K, 8% used [0x0000000080000000,0x0000000080718460,0x0000000084f80000)
 Metaspace       used 28213K, capacity 28928K, committed 29232K, reserved 1075200K
  class space    used 3895K, capacity 4131K, committed 4144K, reserved 1048576K
}
Event: 8.335 GC heap before
{Heap before GC invocations=7 (full 1):
 PSYoungGen      total 76288K, used 73564K [0x00000000d5580000, 0x00000000de680000, 0x0000000100000000)
  eden space 65536K, 100% used [0x00000000d5580000,0x00000000d9580000,0x00000000d9580000)
  from space 10752K, 74% used [0x00000000d9580000,0x00000000d9d57078,0x00000000da000000)
  to   space 12800K, 0% used [0x00000000dda00000,0x00000000dda00000,0x00000000de680000)
 ParOldGen       total 81408K, used 7265K [0x0000000080000000, 0x0000000084f80000, 0x00000000d5580000)
  object space 81408K, 8% used [0x0000000080000000,0x0000000080718460,0x0000000084f80000)
 Metaspace       used 32225K, capacity 33060K, committed 33328K, reserved 1077248K
  class space    used 4394K, capacity 4613K, committed 4656K, reserved 1048576K
Event: 8.344 GC heap after
Heap after GC invocations=7 (full 1):
 PSYoungGen      total 131584K, used 8663K [0x00000000d5580000, 0x00000000de400000, 0x0000000100000000)
  eden space 121344K, 0% used [0x00000000d5580000,0x00000000d5580000,0x00000000dcc00000)
  from space 10240K, 84% used [0x00000000dda00000,0x00000000de275c40,0x00000000de400000)
  to   space 12288K, 0% used [0x00000000dcc00000,0x00000000dcc00000,0x00000000dd800000)
 ParOldGen       total 81408K, used 7273K [0x0000000080000000, 0x0000000084f80000, 0x00000000d5580000)
  object space 81408K, 8% used [0x0000000080000000,0x000000008071a460,0x0000000084f80000)
 Metaspace       used 32225K, capacity 33060K, committed 33328K, reserved 1077248K
  class space    used 4394K, capacity 4613K, committed 4656K, reserved 1048576K
}
Event: 8.811 GC heap before
{Heap before GC invocations=8 (full 1):
 PSYoungGen      total 131584K, used 59840K [0x00000000d5580000, 0x00000000de400000, 0x0000000100000000)
  eden space 121344K, 42% used [0x00000000d5580000,0x00000000d877a700,0x00000000dcc00000)
  from space 10240K, 84% used [0x00000000dda00000,0x00000000de275c40,0x00000000de400000)
  to   space 12288K, 0% used [0x00000000dcc00000,0x00000000dcc00000,0x00000000dd800000)
 ParOldGen       total 81408K, used 7273K [0x0000000080000000, 0x0000000084f80000, 0x00000000d5580000)
  object space 81408K, 8% used [0x0000000080000000,0x000000008071a460,0x0000000084f80000)
 Metaspace       used 34532K, capacity 35442K, committed 35496K, reserved 1079296K
  class space    used 4741K, capacity 5006K, committed 5040K, reserved 1048576K
Event: 8.824 GC heap after
Heap after GC invocations=8 (full 1):
 PSYoungGen      total 133632K, used 8656K [0x00000000d5580000, 0x00000000e4700000, 0x0000000100000000)
  eden space 121344K, 0% used [0x00000000d5580000,0x00000000d5580000,0x00000000dcc00000)
  from space 12288K, 70% used [0x00000000dcc00000,0x00000000dd4743d8,0x00000000dd800000)
  to   space 11776K, 0% used [0x00000000e3b80000,0x00000000e3b80000,0x00000000e4700000)
 ParOldGen       total 81408K, used 7281K [0x0000000080000000, 0x0000000084f80000, 0x00000000d5580000)
  object space 81408K, 8% used [0x0000000080000000,0x000000008071c460,0x0000000084f80000)
 Metaspace       used 34532K, capacity 35442K, committed 35496K, reserved 1079296K
  class space    used 4741K, capacity 5006K, committed 5040K, reserved 1048576K
}
Event: 8.824 GC heap before
{Heap before GC invocations=9 (full 2):
 PSYoungGen      total 133632K, used 8656K [0x00000000d5580000, 0x00000000e4700000, 0x0000000100000000)
  eden space 121344K, 0% used [0x00000000d5580000,0x00000000d5580000,0x00000000dcc00000)
  from space 12288K, 70% used [0x00000000dcc00000,0x00000000dd4743d8,0x00000000dd800000)
  to   space 11776K, 0% used [0x00000000e3b80000,0x00000000e3b80000,0x00000000e4700000)
 ParOldGen       total 81408K, used 7281K [0x0000000080000000, 0x0000000084f80000, 0x00000000d5580000)
  object space 81408K, 8% used [0x0000000080000000,0x000000008071c460,0x0000000084f80000)
 Metaspace       used 34532K, capacity 35442K, committed 35496K, reserved 1079296K
  class space    used 4741K, capacity 5006K, committed 5040K, reserved 1048576K
Event: 8.978 GC heap after
Heap after GC invocations=9 (full 2):
 PSYoungGen      total 133632K, used 0K [0x00000000d5580000, 0x00000000e4700000, 0x0000000100000000)
  eden space 121344K, 0% used [0x00000000d5580000,0x00000000d5580000,0x00000000dcc00000)
  from space 12288K, 0% used [0x00000000dcc00000,0x00000000dcc00000,0x00000000dd800000)
  to   space 11776K, 0% used [0x00000000e3b80000,0x00000000e3b80000,0x00000000e4700000)
 ParOldGen       total 81408K, used 15494K [0x0000000080000000, 0x0000000084f80000, 0x00000000d5580000)
  object space 81408K, 19% used [0x0000000080000000,0x0000000080f21b50,0x0000000084f80000)
 Metaspace       used 34532K, capacity 35442K, committed 35496K, reserved 1079296K
  class space    used 4741K, capacity 5006K, committed 5040K, reserved 1048576K
}

Deoptimization events (10 events):
Event: 7.912 Thread 0x000000001b9c1800 Uncommon trap: reason=unstable_if action=reinterpret pc=0x000000000304b80c method=java.util.HashMap.getNode(ILjava/lang/Object;)Ljava/util/HashMap$Node; @ 53
Event: 7.912 Thread 0x000000001b9c1800 Uncommon trap: reason=unstable_if action=reinterpret pc=0x000000000327d67c method=java.util.HashMap.hash(Ljava/lang/Object;)I @ 1
Event: 8.010 Thread 0x000000001b9c1800 Uncommon trap: reason=unstable_if action=reinterpret pc=0x00000000035f0af8 method=org.gradle.internal.reflect.PropertyAccessorType.isGetGetterName(Ljava/lang/String;)Z @ 14
Event: 8.049 Thread 0x000000001b9c1800 Uncommon trap: reason=unstable_if action=reinterpret pc=0x0000000003510980 method=org.objectweb.asm.ByteVector.putShort(I)Lorg/objectweb/asm/ByteVector; @ 13
Event: 8.136 Thread 0x000000001b9c1800 Uncommon trap: reason=class_check action=maybe_recompile pc=0x00000000034cf648 method=sun.misc.URLClassPath.getLoader(I)Lsun/misc/URLClassPath$Loader; @ 94
Event: 8.143 Thread 0x000000001b9c1800 Uncommon trap: reason=class_check action=maybe_recompile pc=0x00000000034d57ec method=sun.misc.URLClassPath.getLoader(I)Lsun/misc/URLClassPath$Loader; @ 239
Event: 8.216 Thread 0x000000001b9c1800 Uncommon trap: reason=unstable_if action=reinterpret pc=0x000000000364f170 method=org.codehaus.groovy.runtime.metaclass.MetaMethodIndex.addMethodToList(Ljava/lang/Object;Lgroovy/lang/MetaMethod;)Ljava/lang/Object; @ 226
Event: 8.240 Thread 0x000000001b9c1800 Uncommon trap: reason=class_check action=maybe_recompile pc=0x0000000003509568 method=java.util.WeakHashMap.eq(Ljava/lang/Object;Ljava/lang/Object;)Z @ 7
Event: 8.458 Thread 0x000000001b9c1800 Uncommon trap: reason=unstable_if action=reinterpret pc=0x0000000003632f20 method=java.net.URI.match(CJJ)Z @ 45
Event: 8.692 Thread 0x000000001b9c1800 Uncommon trap: reason=unstable_if action=reinterpret pc=0x00000000035e4d3c method=jdk.internal.org.objectweb.asm.Type.getArgumentsAndReturnSizes(Ljava/lang/String;)I @ 88

Classes redefined (0 events):
No events

Internal exceptions (10 events):
Event: 8.252 Thread 0x000000001b9c1800 Exception <a 'java/lang/ClassNotFoundException': org/gradle/api/internal/artifacts/dsl/DefaultRepositoryHandlerCustomizer> (0x00000000d8db02c0) thrown at [C:\src\AOSP-openjdk-git\hotspot\src\share\vm\classfile\systemDictionary.cpp, line 210]
Event: 8.254 Thread 0x000000001b9c1800 Exception <a 'java/lang/ClassNotFoundException': org/gradle/api/internal/artifacts/dsl/DefaultRepositoryHandler_DecoratedCustomizer> (0x00000000d8e2e8d0) thrown at [C:\src\AOSP-openjdk-git\hotspot\src\share\vm\classfile\systemDictionary.cpp, line 210]
Event: 8.423 Thread 0x000000001b9c1800 Exception <a 'java/lang/ClassNotFoundException': org/gradle/api/internal/artifacts/dsl/dependencies/DefaultDependencyHandler_DecoratedBeanInfo> (0x00000000d5dcd6e8) thrown at [C:\src\AOSP-openjdk-git\hotspot\src\share\vm\classfile\systemDictionary.cpp, li
Event: 8.424 Thread 0x000000001b9c1800 Exception <a 'java/lang/ClassNotFoundException': org/gradle/api/internal/artifacts/dsl/dependencies/DefaultDependencyHandlerBeanInfo> (0x00000000d5e289e0) thrown at [C:\src\AOSP-openjdk-git\hotspot\src\share\vm\classfile\systemDictionary.cpp, line 210]
Event: 8.426 Thread 0x000000001b9c1800 Exception <a 'java/lang/ClassNotFoundException': org/gradle/api/internal/artifacts/dsl/dependencies/DefaultDependencyHandlerCustomizer> (0x00000000d5e84b58) thrown at [C:\src\AOSP-openjdk-git\hotspot\src\share\vm\classfile\systemDictionary.cpp, line 210]
Event: 8.429 Thread 0x000000001b9c1800 Exception <a 'java/lang/ClassNotFoundException': org/gradle/api/internal/artifacts/dsl/dependencies/DefaultDependencyHandler_DecoratedCustomizer> (0x00000000d5f124b0) thrown at [C:\src\AOSP-openjdk-git\hotspot\src\share\vm\classfile\systemDictionary.cpp, 
Event: 8.689 Thread 0x000000001b9c1800 Exception <a 'java/lang/IncompatibleClassChangeError': Found class java.lang.Object, but interface was expected> (0x00000000d7ab7830) thrown at [C:\src\AOSP-openjdk-git\hotspot\src\share\vm\interpreter\linkResolver.cpp, line 653]
Event: 8.691 Thread 0x000000001b9c1800 Exception <a 'java/lang/NoSuchMethodError': java.lang.Object.lambda$comparing$77a9974f$1(Ljava/util/function/Function;Ljava/lang/Object;Ljava/lang/Object;)I> (0x00000000d7ac2d90) thrown at [C:\src\AOSP-openjdk-git\hotspot\src\share\vm\interpreter\linkReso
Event: 8.693 Thread 0x000000001b9c1800 Exception <a 'java/lang/NoSuchMethodError': java.lang.Object.lambda$thenComparing$36697e65$1(Ljava/util/Comparator;Ljava/lang/Object;Ljava/lang/Object;)I> (0x00000000d7ad6fb8) thrown at [C:\src\AOSP-openjdk-git\hotspot\src\share\vm\interpreter\linkResolve
Event: 8.695 Thread 0x000000001b9c1800 Exception <a 'java/lang/NoSuchMethodError': java.lang.Object.lambda$comparing$ea9a8b3a$1(Ljava/util/Comparator;Ljava/util/function/Function;Ljava/lang/Object;Ljava/lang/Object;)I> (0x00000000d7aee1c8) thrown at [C:\src\AOSP-openjdk-git\hotspot\src\share\v

Events (10 events):
Event: 9.184 loading class org/gradle/api/internal/artifacts/ivyservice/resolveengine/excludes/specs/ModuleIdSetExclude
Event: 9.184 loading class org/gradle/api/internal/artifacts/ivyservice/resolveengine/excludes/specs/ModuleIdSetExclude done
Event: 9.185 loading class org/gradle/api/artifacts/ModuleIdentifier
Event: 9.185 loading class org/gradle/api/artifacts/ModuleIdentifier done
Event: 9.185 loading class org/gradle/api/internal/artifacts/ivyservice/resolveengine/excludes/specs/ModuleIdExclude
Event: 9.185 loading class org/gradle/api/internal/artifacts/ivyservice/resolveengine/excludes/specs/ModuleIdExclude done
Event: 9.185 loading class org/gradle/api/internal/artifacts/ivyservice/resolveengine/excludes/simple/DefaultModuleIdSetExclude
Event: 9.185 loading class org/gradle/api/internal/artifacts/ivyservice/resolveengine/excludes/simple/DefaultModuleIdSetExclude done
Event: 9.186 loading class org/gradle/api/internal/artifacts/ivyservice/resolveengine/excludes/factories/ExcludeFactory
Event: 9.186 loading class org/gradle/api/internal/artifacts/ivyservice/resolveengine/excludes/factories/ExcludeFactory done


Dynamic libraries:
0x00007ff752f50000 - 0x00007ff752f81000 	C:\Program Files\Android\Android Studio\jre\bin\java.exe
0x00007ff871880000 - 0x00007ff871a70000 	C:\Windows\SYSTEM32\ntdll.dll
0x00007ff871780000 - 0x00007ff871832000 	C:\Windows\System32\KERNEL32.DLL
0x00007ff86ec80000 - 0x00007ff86ef25000 	C:\Windows\System32\KERNELBASE.dll
0x00007ff86fc70000 - 0x00007ff86fd13000 	C:\Windows\System32\ADVAPI32.dll
0x00007ff86fed0000 - 0x00007ff86ff6e000 	C:\Windows\System32\msvcrt.dll
0x00007ff871340000 - 0x00007ff8713d7000 	C:\Windows\System32\sechost.dll
0x00007ff871110000 - 0x00007ff87122f000 	C:\Windows\System32\RPCRT4.dll
0x00007ff86ff70000 - 0x00007ff870104000 	C:\Windows\System32\USER32.dll
0x00007ff86efe0000 - 0x00007ff86f001000 	C:\Windows\System32\win32u.dll
0x00007ff86fd20000 - 0x00007ff86fd46000 	C:\Windows\System32\GDI32.dll
0x00007ff86f790000 - 0x00007ff86f928000 	C:\Windows\System32\gdi32full.dll
0x00007ff86e9a0000 - 0x00007ff86ea3e000 	C:\Windows\System32\msvcp_win.dll
0x00007ff86e8a0000 - 0x00007ff86e99a000 	C:\Windows\System32\ucrtbase.dll
0x00007ff85dcf0000 - 0x00007ff85df74000 	C:\Windows\WinSxS\amd64_microsoft.windows.common-controls_6595b64144ccf1df_6.0.18362.1556_none_9e7e372fe45e41d5\COMCTL32.dll
0x00007ff86f930000 - 0x00007ff86fc66000 	C:\Windows\System32\combase.dll
0x00007ff86ef30000 - 0x00007ff86efb1000 	C:\Windows\System32\bcryptPrimitives.dll
0x00007ff8712b0000 - 0x00007ff8712de000 	C:\Windows\System32\IMM32.DLL
0x000000005bc90000 - 0x000000005bd62000 	C:\Program Files\Android\Android Studio\jre\jre\bin\msvcr100.dll
0x000000005c700000 - 0x000000005cf4b000 	C:\Program Files\Android\Android Studio\jre\jre\bin\server\jvm.dll
0x00007ff870120000 - 0x00007ff870128000 	C:\Windows\System32\PSAPI.DLL
0x00007ff85eb50000 - 0x00007ff85eb5a000 	C:\Windows\SYSTEM32\VERSION.dll
0x00007ff85a1d0000 - 0x00007ff85a1d9000 	C:\Windows\SYSTEM32\WSOCK32.dll
0x00007ff871460000 - 0x00007ff8714cf000 	C:\Windows\System32\WS2_32.dll
0x00007ff86c720000 - 0x00007ff86c744000 	C:\Windows\SYSTEM32\WINMM.dll
0x00007ff86c660000 - 0x00007ff86c68d000 	C:\Windows\SYSTEM32\winmmbase.dll
0x00007ff86ec30000 - 0x00007ff86ec7a000 	C:\Windows\System32\cfgmgr32.dll
0x00007ff86c820000 - 0x00007ff86c82f000 	C:\Program Files\Android\Android Studio\jre\jre\bin\verify.dll
0x00007ff86a2b0000 - 0x00007ff86a2d9000 	C:\Program Files\Android\Android Studio\jre\jre\bin\java.dll
0x00007ff86a4c0000 - 0x00007ff86a4d6000 	C:\Program Files\Android\Android Studio\jre\jre\bin\zip.dll
0x00007ff870480000 - 0x00007ff870b67000 	C:\Windows\System32\SHELL32.dll
0x00007ff86fd50000 - 0x00007ff86fdf8000 	C:\Windows\System32\shcore.dll
0x00007ff86f010000 - 0x00007ff86f78b000 	C:\Windows\System32\windows.storage.dll
0x00007ff86e740000 - 0x00007ff86e75e000 	C:\Windows\System32\profapi.dll
0x00007ff86e780000 - 0x00007ff86e7ca000 	C:\Windows\System32\powrprof.dll
0x00007ff86e730000 - 0x00007ff86e740000 	C:\Windows\System32\UMPDC.dll
0x00007ff871230000 - 0x00007ff871282000 	C:\Windows\System32\shlwapi.dll
0x00007ff86e7d0000 - 0x00007ff86e7e1000 	C:\Windows\System32\kernel.appcore.dll
0x00007ff86efc0000 - 0x00007ff86efd7000 	C:\Windows\System32\cryptsp.dll
0x00007ff86a230000 - 0x00007ff86a24a000 	C:\Program Files\Android\Android Studio\jre\jre\bin\net.dll
0x00007ff86df70000 - 0x00007ff86dfd7000 	C:\Windows\system32\mswsock.dll
0x00007ff86a1f0000 - 0x00007ff86a203000 	C:\Program Files\Android\Android Studio\jre\jre\bin\nio.dll
0x00007ff868160000 - 0x00007ff868186000 	C:\Users\HY\.gradle\native\31\windows-amd64\native-platform.dll
0x00007ff86c7f0000 - 0x00007ff86c7fd000 	C:\Program Files\Android\Android Studio\jre\jre\bin\management.dll
0x00007ff86daf0000 - 0x00007ff86db23000 	C:\Windows\system32\rsaenh.dll
0x00007ff86ec00000 - 0x00007ff86ec26000 	C:\Windows\System32\bcrypt.dll
0x00007ff86e620000 - 0x00007ff86e645000 	C:\Windows\SYSTEM32\USERENV.dll
0x00007ff86e140000 - 0x00007ff86e14c000 	C:\Windows\SYSTEM32\CRYPTBASE.dll
0x00007ff86dc80000 - 0x00007ff86dcba000 	C:\Windows\SYSTEM32\IPHLPAPI.DLL
0x00007ff871610000 - 0x00007ff871618000 	C:\Windows\System32\NSI.dll
0x00007ff85eb60000 - 0x00007ff85eb76000 	C:\Windows\SYSTEM32\dhcpcsvc6.DLL
0x00007ff85f520000 - 0x00007ff85f53c000 	C:\Windows\SYSTEM32\dhcpcsvc.DLL
0x00007ff86dcc0000 - 0x00007ff86dd8b000 	C:\Windows\SYSTEM32\DNSAPI.dll

VM Arguments:
jvm_args: -Xmx2048m -Dfile.encoding=UTF-8 -Duser.country=CN -Duser.language=zh -Duser.variant 
java_command: org.gradle.launcher.daemon.bootstrap.GradleDaemon 6.1.1
java_class_path (initial): C:\Users\HY\.gradle\wrapper\dists\gradle-6.1.1-all\cfmwm155h49vnt3hynmlrsdst\gradle-6.1.1\lib\gradle-launcher-6.1.1.jar
Launcher Type: SUN_STANDARD

Environment Variables:
JAVA_HOME=F:\Java\JDK1.8
CLASSPATH=F:\Java\JDK1.8\lib\dt.jar;F:\Java\JDK1.8\lib\tools.jar;
PATH=F:\Java\JDK1.8\bin;F:\Java\JDK1.8\jre\bin;F:\Node\procedure;F:\Node\procedure\node_global;F:\Node\procedure\node_modules;C:\Windows\system32;C:\Windows;C:\Windows\System32\Wbem;C:\Windows\System32\WindowsPowerShell\v1.0\;C:\Windows\System32\OpenSSH\;%CATALINA_HOME%\bin;%CATALINA_HOME%\lib;C:\Program Files\Microsoft SQL Server\120\Tools\Binn\;C:\Program Files\Common Files\Autodesk Shared\;C:\Program Files (x86)\AMD\ATI.ACE\Core-Static;F:\BOSCMD\windows-bcecmd-0.3.0;H:\GIS\superMap\ioboject\9.0.1\Bin;C:\Program Files\MongoDB\Server\4.2\bin;C:\Users\HY\AppData\Local\Android\Sdk\platform-tools;C:\Program Files\TortoiseGit\bin;C:\Program Files\TortoiseSVN\bin;F:\Git\Git\cmd;C:\Program Files\VisualSVN Server\bin;C:\Users\HY\AppData\Local\Programs\Python\Python39\Scripts\;C:\Users\HY\AppData\Local\Programs\Python\Python39\;C:\Users\HY\AppData\Local\Microsoft\WindowsApps;;C:\Users\HY\AppData\Local\Programs\Microsoft VS Code\bin
USERNAME=HY
OS=Windows_NT
PROCESSOR_IDENTIFIER=Intel64 Family 6 Model 60 Stepping 3, GenuineIntel



---------------  S Y S T E M  ---------------

OS: Windows 10.0 , 64 bit Build 18362 (10.0.18362.1500)

CPU:total 8 (initial active 8) (4 cores per cpu, 2 threads per core) family 6 model 60 stepping 3, cmov, cx8, fxsr, mmx, sse, sse2, sse3, ssse3, sse4.1, sse4.2, popcnt, avx, avx2, aes, clmul, erms, lzcnt, ht, tsc, tscinvbit, bmi1, bmi2

Memory: 4k page, physical 16680348k(5145708k free), swap 26332248k(5424k free)

vm_info: OpenJDK 64-Bit Server VM (25.242-b01) for windows-amd64 JRE (1.8.0_242-release-1644-b01), built by "builder" with MS VC++ 10.0 (VS2010)

time: Wed Oct 06 13:54:56 2021
timezone: 中国标准时间
elapsed time: 9 seconds (0d 0h 0m 9s)

