#
# There is insufficient memory for the Java Runtime Environment to continue.
# Native memory allocation (malloc) failed to allocate 1645936 bytes for Chunk::new
# Possible reasons:
#   The system is out of physical RAM or swap space
#   The process is running with CompressedOops enabled, and the Java Heap may be blocking the growth of the native heap
# Possible solutions:
#   Reduce memory load on the system
#   Increase physical memory or swap space
#   Check if swap backing store is full
#   Decrease Java heap size (-Xmx/-Xms)
#   Decrease number of Java threads
#   Decrease Java thread stack sizes (-Xss)
#   Set larger code cache with -XX:ReservedCodeCacheSize=
#   JVM is running with Unscaled Compressed Oops mode in which the Java heap is
#     placed in the first 4GB address space. The Java Heap base address is the
#     maximum limit for the native heap growth. Please use -XX:HeapBaseMinAddress
#     to set the Java Heap base and to place the Java Heap above 4GB virtual address.
# This output file may be truncated or incomplete.
#
#  Out of Memory Error (allocation.cpp:389), pid=18292, tid=0x0000000000006d1c
#
# JRE version: OpenJDK Runtime Environment (8.0_242-b01) (build 1.8.0_242-release-1644-b01)
# Java VM: OpenJDK 64-Bit Server VM (25.242-b01 mixed mode windows-amd64 compressed oops)
# Failed to write core dump. Minidumps are not enabled by default on client versions of Windows
#

---------------  T H R E A D  ---------------

Current thread (0x0000000019fdb000):  JavaThread "C2 CompilerThread2" daemon [_thread_in_native, id=27932, stack(0x000000001a940000,0x000000001aa40000)]

Stack: [0x000000001a940000,0x000000001aa40000]
[error occurred during error reporting (printing stack bounds), id 0xc0000005]

Native frames: (J=compiled Java code, j=interpreted, Vv=VM code, C=native code)


Current CompileTask:
C2:   9404 2586       4       groovy.lang.MetaClassImpl$1MOPIter::methodNameAction (325 bytes)


---------------  P R O C E S S  ---------------

Java Threads: ( => current thread )
  0x000000001ba5c000 JavaThread "Build operations Thread 8" [_thread_in_Java, id=24420, stack(0x00000000248e0000,0x00000000249e0000)]
  0x000000001ba63000 JavaThread "Build operations Thread 7" [_thread_blocked, id=12804, stack(0x00000000247e0000,0x00000000248e0000)]
  0x000000001ba62000 JavaThread "Build operations Thread 6" [_thread_blocked, id=1388, stack(0x00000000246e0000,0x00000000247e0000)]
  0x000000001ba5c800 JavaThread "Build operations Thread 5" [_thread_blocked, id=23880, stack(0x00000000245e0000,0x00000000246e0000)]
  0x000000001ba5f000 JavaThread "Build operations Thread 4" [_thread_in_Java, id=27140, stack(0x00000000244e0000,0x00000000245e0000)]
  0x000000001ba5a800 JavaThread "Build operations Thread 3" [_thread_blocked, id=26508, stack(0x00000000243e0000,0x00000000244e0000)]
  0x000000001ba5b000 JavaThread "Build operations Thread 2" [_thread_blocked, id=25476, stack(0x00000000242e0000,0x00000000243e0000)]
  0x000000001ba61000 JavaThread "Build operations" [_thread_blocked, id=2572, stack(0x0000000022f70000,0x0000000023070000)]
  0x0000000019fe1800 JavaThread "Cache worker for execution history cache (C:\Users\HY\.gradle\caches\6.1.1\executionHistory)" [_thread_blocked, id=28348, stack(0x0000000022470000,0x0000000022570000)]
  0x0000000019fe0800 JavaThread "Cache worker for cache directory md-rule (C:\Users\HY\.gradle\caches\6.1.1\md-rule)" [_thread_blocked, id=23300, stack(0x00000000210d0000,0x00000000211d0000)]
  0x0000000019fe7800 JavaThread "Cache worker for cache directory md-supplier (C:\Users\HY\.gradle\caches\6.1.1\md-supplier)" [_thread_blocked, id=25052, stack(0x0000000020d30000,0x0000000020e30000)]
  0x0000000019fe2000 JavaThread "Cache worker for file hash cache (F:\Develop Android Software\Androd Studio\AndroidStudio Workspace\musicplayer\.gradle\6.1.1\fileHashes)" [_thread_blocked, id=22628, stack(0x0000000020fd0000,0x00000000210d0000)]
  0x0000000019fe5000 JavaThread "Cache worker for checksums cache (F:\Develop Android Software\Androd Studio\AndroidStudio Workspace\musicplayer\.gradle\checksums)" [_thread_blocked, id=11968, stack(0x0000000020ed0000,0x0000000020fd0000)]
  0x0000000019fe3800 JavaThread "Cache worker for file hash cache (C:\Users\HY\.gradle\caches\6.1.1\fileHashes)" [_thread_blocked, id=25040, stack(0x000000001e890000,0x000000001e990000)]
  0x0000000019fe6800 JavaThread "File lock request listener" [_thread_in_native, id=8676, stack(0x000000001e790000,0x000000001e890000)]
  0x000000001b9b6000 JavaThread "Cache worker for journal cache (C:\Users\HY\.gradle\caches\journal-1)" [_thread_blocked, id=3980, stack(0x000000001e690000,0x000000001e790000)]
  0x000000001bd10800 JavaThread "Thread-9" [_thread_blocked, id=624, stack(0x000000001e390000,0x000000001e490000)]
  0x000000001b40e800 JavaThread "Stdin handler" [_thread_blocked, id=9816, stack(0x000000001e290000,0x000000001e390000)]
  0x000000001b40d800 JavaThread "Asynchronous log dispatcher for DefaultDaemonConnection: socket connection from /127.0.0.1:13929 to /127.0.0.1:13931" [_thread_blocked, id=20824, stack(0x000000001e090000,0x000000001e190000)]
  0x000000001bb48000 JavaThread "Daemon worker" [_thread_blocked, id=20688, stack(0x000000001df90000,0x000000001e090000)]
  0x000000001bb47000 JavaThread "Cancel handler" [_thread_blocked, id=24184, stack(0x000000001de90000,0x000000001df90000)]
  0x000000001b34d800 JavaThread "Handler for socket connection from /127.0.0.1:13929 to /127.0.0.1:13931" [_thread_in_native, id=27416, stack(0x000000001db90000,0x000000001dc90000)]
  0x000000001bb71800 JavaThread "Daemon" [_thread_blocked, id=20920, stack(0x000000001da90000,0x000000001db90000)]
  0x000000001bb74000 JavaThread "Daemon periodic checks" [_thread_blocked, id=25888, stack(0x000000001d990000,0x000000001da90000)]
  0x000000001c8f7800 JavaThread "Incoming local TCP Connector on port 13929" [_thread_in_native, id=28616, stack(0x000000001d7e0000,0x000000001d8e0000)]
  0x000000001c873800 JavaThread "Daemon health stats" [_thread_blocked, id=10840, stack(0x000000001d6e0000,0x000000001d7e0000)]
  0x000000001a076800 JavaThread "Service Thread" daemon [_thread_blocked, id=20428, stack(0x000000001ab40000,0x000000001ac40000)]
  0x0000000019fe6000 JavaThread "C1 CompilerThread3" daemon [_thread_in_native, id=24140, stack(0x000000001aa40000,0x000000001ab40000)]
=>0x0000000019fdb000 JavaThread "C2 CompilerThread2" daemon [_thread_in_native, id=27932, stack(0x000000001a940000,0x000000001aa40000)]
  0x0000000019fd1000 JavaThread "C2 CompilerThread1" daemon [_thread_in_native, id=11652, stack(0x000000001a840000,0x000000001a940000)]
  0x0000000019f79800 JavaThread "C2 CompilerThread0" daemon [_thread_in_native, id=27376, stack(0x000000001a740000,0x000000001a840000)]
  0x0000000019f78800 JavaThread "Attach Listener" daemon [_thread_blocked, id=14328, stack(0x000000001a640000,0x000000001a740000)]
  0x0000000019fd0000 JavaThread "Signal Dispatcher" daemon [_thread_blocked, id=22916, stack(0x000000001a540000,0x000000001a640000)]
  0x0000000019f60800 JavaThread "Finalizer" daemon [_thread_blocked, id=12764, stack(0x000000001a440000,0x000000001a540000)]
  0x0000000003018000 JavaThread "Reference Handler" daemon [_thread_blocked, id=20536, stack(0x000000001a340000,0x000000001a440000)]
  0x0000000002f22800 JavaThread "main" [_thread_blocked, id=28108, stack(0x0000000002a80000,0x0000000002b80000)]

Other Threads:
  0x0000000018156800 VMThread [stack: 0x0000000019e40000,0x0000000019f40000] [id=18728]
  0x000000001a031800 WatcherThread [stack: 0x000000001ac40000,0x000000001ad40000] [id=22412]

VM state:not at safepoint (normal execution)

VM Mutex/Monitor currently owned by a thread: None

heap address: 0x0000000080000000, size: 2048 MB, Compressed Oops mode: 32-bit
Narrow klass base: 0x0000000000000000, Narrow klass shift: 3
Compressed class space size: 1073741824 Address: 0x0000000100000000

Heap:
 PSYoungGen      total 131072K, used 24454K [0x00000000d5580000, 0x00000000e3f00000, 0x0000000100000000)
  eden space 118784K, 20% used [0x00000000d5580000,0x00000000d6d61838,0x00000000dc980000)
  from space 12288K, 0% used [0x00000000dc980000,0x00000000dc980000,0x00000000dd580000)
  to   space 11776K, 0% used [0x00000000e3380000,0x00000000e3380000,0x00000000e3f00000)
 ParOldGen       total 84480K, used 15561K [0x0000000080000000, 0x0000000085280000, 0x00000000d5580000)
  object space 84480K, 18% used [0x0000000080000000,0x0000000080f32450,0x0000000085280000)
 Metaspace       used 35267K, capacity 36468K, committed 36648K, reserved 1081344K
  class space    used 4856K, capacity 5155K, committed 5168K, reserved 1048576K

Card table byte_map: [0x00000000124b0000,0x00000000128c0000] byte_map_base: 0x00000000120b0000

Marking Bits: (ParMarkBitMap*) 0x000000005cecf030
 Begin Bits: [0x0000000013370000, 0x0000000015370000)
 End Bits:   [0x0000000015370000, 0x0000000017370000)

Polling page: 0x0000000002b80000

CodeCache: size=245760Kb used=10444Kb max_used=10444Kb free=235315Kb
 bounds [0x00000000030f0000, 0x0000000003b30000, 0x00000000120f0000]
 total_blobs=3662 nmethods=2959 adapters=615
 compilation: enabled

Compilation events (10 events):
Event: 9.388 Thread 0x0000000019fd1000 3151       4       org.gradle.cache.internal.btree.BTreePersistentIndexedCache$IndexEntry::<init> (5 bytes)
Event: 9.388 Thread 0x0000000019fe6000 nmethod 3145 0x0000000003b0f7d0 code [0x0000000003b0ff40, 0x0000000003b15a38]
Event: 9.388 Thread 0x0000000019fd1000 nmethod 3151 0x0000000003ac7e90 code [0x0000000003ac7fc0, 0x0000000003ac8018]
Event: 9.388 Thread 0x0000000019fe6000 3148       3       org.gradle.cache.internal.btree.FileBackedBlockStore::access$300 (5 bytes)
Event: 9.389 Thread 0x0000000019fe6000 nmethod 3148 0x0000000003b0c650 code [0x0000000003b0c7a0, 0x0000000003b0c8d0]
Event: 9.389 Thread 0x0000000019fe6000 3149   !   3       java.util.concurrent.locks.AbstractQueuedSynchronizer::fullyRelease (54 bytes)
Event: 9.390 Thread 0x0000000019fe6000 nmethod 3149 0x0000000003b0bbd0 code [0x0000000003b0bd80, 0x0000000003b0c368]
Event: 9.390 Thread 0x0000000019fe6000 3146       3       java.io.RandomAccessFile::seek (22 bytes)
Event: 9.390 Thread 0x0000000019fe6000 nmethod 3146 0x0000000003b0b6d0 code [0x0000000003b0b840, 0x0000000003b0bab8]
Event: 9.390 Thread 0x0000000019fe6000 3150       1       org.gradle.internal.operations.BuildOperationDescriptor::getDisplayName (5 bytes)

GC Heap History (10 events):
Event: 6.817 GC heap before
{Heap before GC invocations=5 (full 1):
 PSYoungGen      total 76288K, used 7587K [0x00000000d5580000, 0x00000000dea80000, 0x0000000100000000)
  eden space 65536K, 0% used [0x00000000d5580000,0x00000000d5580000,0x00000000d9580000)
  from space 10752K, 70% used [0x00000000da000000,0x00000000da768ec8,0x00000000daa80000)
  to   space 10752K, 0% used [0x00000000d9580000,0x00000000d9580000,0x00000000da000000)
 ParOldGen       total 175104K, used 1539K [0x0000000080000000, 0x000000008ab00000, 0x00000000d5580000)
  object space 175104K, 0% used [0x0000000080000000,0x0000000080180c60,0x000000008ab00000)
 Metaspace       used 20591K, capacity 21240K, committed 21296K, reserved 1067008K
  class space    used 2884K, capacity 3088K, committed 3120K, reserved 1048576K
Event: 6.858 GC heap after
Heap after GC invocations=5 (full 1):
 PSYoungGen      total 76288K, used 0K [0x00000000d5580000, 0x00000000dea80000, 0x0000000100000000)
  eden space 65536K, 0% used [0x00000000d5580000,0x00000000d5580000,0x00000000d9580000)
  from space 10752K, 0% used [0x00000000da000000,0x00000000da000000,0x00000000daa80000)
  to   space 10752K, 0% used [0x00000000d9580000,0x00000000d9580000,0x00000000da000000)
 ParOldGen       total 84480K, used 7333K [0x0000000080000000, 0x0000000085280000, 0x00000000d5580000)
  object space 84480K, 8% used [0x0000000080000000,0x00000000807296e0,0x0000000085280000)
 Metaspace       used 20591K, capacity 21240K, committed 21296K, reserved 1067008K
  class space    used 2884K, capacity 3088K, committed 3120K, reserved 1048576K
}
Event: 7.661 GC heap before
{Heap before GC invocations=6 (full 1):
 PSYoungGen      total 76288K, used 65536K [0x00000000d5580000, 0x00000000dea80000, 0x0000000100000000)
  eden space 65536K, 100% used [0x00000000d5580000,0x00000000d9580000,0x00000000d9580000)
  from space 10752K, 0% used [0x00000000da000000,0x00000000da000000,0x00000000daa80000)
  to   space 10752K, 0% used [0x00000000d9580000,0x00000000d9580000,0x00000000da000000)
 ParOldGen       total 84480K, used 7333K [0x0000000080000000, 0x0000000085280000, 0x00000000d5580000)
  object space 84480K, 8% used [0x0000000080000000,0x00000000807296e0,0x0000000085280000)
 Metaspace       used 28218K, capacity 28928K, committed 29232K, reserved 1075200K
  class space    used 3896K, capacity 4131K, committed 4144K, reserved 1048576K
Event: 7.668 GC heap after
Heap after GC invocations=6 (full 1):
 PSYoungGen      total 76288K, used 7948K [0x00000000d5580000, 0x00000000de400000, 0x0000000100000000)
  eden space 65536K, 0% used [0x00000000d5580000,0x00000000d5580000,0x00000000d9580000)
  from space 10752K, 73% used [0x00000000d9580000,0x00000000d9d43148,0x00000000da000000)
  to   space 12800K, 0% used [0x00000000dd780000,0x00000000dd780000,0x00000000de400000)
 ParOldGen       total 84480K, used 7341K [0x0000000080000000, 0x0000000085280000, 0x00000000d5580000)
  object space 84480K, 8% used [0x0000000080000000,0x000000008072b6e0,0x0000000085280000)
 Metaspace       used 28218K, capacity 28928K, committed 29232K, reserved 1075200K
  class space    used 3896K, capacity 4131K, committed 4144K, reserved 1048576K
}
Event: 8.367 GC heap before
{Heap before GC invocations=7 (full 1):
 PSYoungGen      total 76288K, used 73484K [0x00000000d5580000, 0x00000000de400000, 0x0000000100000000)
  eden space 65536K, 100% used [0x00000000d5580000,0x00000000d9580000,0x00000000d9580000)
  from space 10752K, 73% used [0x00000000d9580000,0x00000000d9d43148,0x00000000da000000)
  to   space 12800K, 0% used [0x00000000dd780000,0x00000000dd780000,0x00000000de400000)
 ParOldGen       total 84480K, used 7341K [0x0000000080000000, 0x0000000085280000, 0x00000000d5580000)
  object space 84480K, 8% used [0x0000000080000000,0x000000008072b6e0,0x0000000085280000)
 Metaspace       used 32217K, capacity 33060K, committed 33328K, reserved 1077248K
  class space    used 4393K, capacity 4613K, committed 4656K, reserved 1048576K
Event: 8.378 GC heap after
Heap after GC invocations=7 (full 1):
 PSYoungGen      total 129024K, used 8638K [0x00000000d5580000, 0x00000000de180000, 0x0000000100000000)
  eden space 118784K, 0% used [0x00000000d5580000,0x00000000d5580000,0x00000000dc980000)
  from space 10240K, 84% used [0x00000000dd780000,0x00000000ddfef938,0x00000000de180000)
  to   space 12288K, 0% used [0x00000000dc980000,0x00000000dc980000,0x00000000dd580000)
 ParOldGen       total 84480K, used 7349K [0x0000000080000000, 0x0000000085280000, 0x00000000d5580000)
  object space 84480K, 8% used [0x0000000080000000,0x000000008072d6e0,0x0000000085280000)
 Metaspace       used 32217K, capacity 33060K, committed 33328K, reserved 1077248K
  class space    used 4393K, capacity 4613K, committed 4656K, reserved 1048576K
}
Event: 8.917 GC heap before
{Heap before GC invocations=8 (full 1):
 PSYoungGen      total 129024K, used 58850K [0x00000000d5580000, 0x00000000de180000, 0x0000000100000000)
  eden space 118784K, 42% used [0x00000000d5580000,0x00000000d8689298,0x00000000dc980000)
  from space 10240K, 84% used [0x00000000dd780000,0x00000000ddfef938,0x00000000de180000)
  to   space 12288K, 0% used [0x00000000dc980000,0x00000000dc980000,0x00000000dd580000)
 ParOldGen       total 84480K, used 7349K [0x0000000080000000, 0x0000000085280000, 0x00000000d5580000)
  object space 84480K, 8% used [0x0000000080000000,0x000000008072d6e0,0x0000000085280000)
 Metaspace       used 34547K, capacity 35438K, committed 35496K, reserved 1079296K
  class space    used 4744K, capacity 5006K, committed 5040K, reserved 1048576K
Event: 8.932 GC heap after
Heap after GC invocations=8 (full 1):
 PSYoungGen      total 131072K, used 8852K [0x00000000d5580000, 0x00000000e3f00000, 0x0000000100000000)
  eden space 118784K, 0% used [0x00000000d5580000,0x00000000d5580000,0x00000000dc980000)
  from space 12288K, 72% used [0x00000000dc980000,0x00000000dd2252e8,0x00000000dd580000)
  to   space 11776K, 0% used [0x00000000e3380000,0x00000000e3380000,0x00000000e3f00000)
 ParOldGen       total 84480K, used 7357K [0x0000000080000000, 0x0000000085280000, 0x00000000d5580000)
  object space 84480K, 8% used [0x0000000080000000,0x000000008072f6e0,0x0000000085280000)
 Metaspace       used 34547K, capacity 35438K, committed 35496K, reserved 1079296K
  class space    used 4744K, capacity 5006K, committed 5040K, reserved 1048576K
}
Event: 8.932 GC heap before
{Heap before GC invocations=9 (full 2):
 PSYoungGen      total 131072K, used 8852K [0x00000000d5580000, 0x00000000e3f00000, 0x0000000100000000)
  eden space 118784K, 0% used [0x00000000d5580000,0x00000000d5580000,0x00000000dc980000)
  from space 12288K, 72% used [0x00000000dc980000,0x00000000dd2252e8,0x00000000dd580000)
  to   space 11776K, 0% used [0x00000000e3380000,0x00000000e3380000,0x00000000e3f00000)
 ParOldGen       total 84480K, used 7357K [0x0000000080000000, 0x0000000085280000, 0x00000000d5580000)
  object space 84480K, 8% used [0x0000000080000000,0x000000008072f6e0,0x0000000085280000)
 Metaspace       used 34547K, capacity 35438K, committed 35496K, reserved 1079296K
  class space    used 4744K, capacity 5006K, committed 5040K, reserved 1048576K
Event: 9.003 GC heap after
Heap after GC invocations=9 (full 2):
 PSYoungGen      total 131072K, used 0K [0x00000000d5580000, 0x00000000e3f00000, 0x0000000100000000)
  eden space 118784K, 0% used [0x00000000d5580000,0x00000000d5580000,0x00000000dc980000)
  from space 12288K, 0% used [0x00000000dc980000,0x00000000dc980000,0x00000000dd580000)
  to   space 11776K, 0% used [0x00000000e3380000,0x00000000e3380000,0x00000000e3f00000)
 ParOldGen       total 84480K, used 15561K [0x0000000080000000, 0x0000000085280000, 0x00000000d5580000)
  object space 84480K, 18% used [0x0000000080000000,0x0000000080f32450,0x0000000085280000)
 Metaspace       used 34547K, capacity 35438K, committed 35496K, reserved 1079296K
  class space    used 4744K, capacity 5006K, committed 5040K, reserved 1048576K
}

Deoptimization events (10 events):
Event: 7.946 Thread 0x000000001bb48000 Uncommon trap: reason=unstable_if action=reinterpret pc=0x000000000335d98c method=java.util.HashMap.getNode(ILjava/lang/Object;)Ljava/util/HashMap$Node; @ 53
Event: 7.946 Thread 0x000000001bb48000 Uncommon trap: reason=unstable_if action=reinterpret pc=0x000000000359d63c method=java.util.HashMap.hash(Ljava/lang/Object;)I @ 1
Event: 8.037 Thread 0x000000001bb48000 Uncommon trap: reason=unstable_if action=reinterpret pc=0x000000000392d278 method=org.gradle.internal.reflect.PropertyAccessorType.isGetGetterName(Ljava/lang/String;)Z @ 14
Event: 8.073 Thread 0x000000001bb48000 Uncommon trap: reason=unstable_if action=reinterpret pc=0x000000000383b780 method=org.objectweb.asm.ByteVector.putShort(I)Lorg/objectweb/asm/ByteVector; @ 13
Event: 8.158 Thread 0x000000001bb48000 Uncommon trap: reason=class_check action=maybe_recompile pc=0x00000000037f3a10 method=sun.misc.URLClassPath.getLoader(I)Lsun/misc/URLClassPath$Loader; @ 94
Event: 8.164 Thread 0x000000001bb48000 Uncommon trap: reason=class_check action=maybe_recompile pc=0x00000000037ee8f4 method=sun.misc.URLClassPath.getLoader(I)Lsun/misc/URLClassPath$Loader; @ 239
Event: 8.241 Thread 0x000000001bb48000 Uncommon trap: reason=unstable_if action=reinterpret pc=0x0000000003991eb8 method=org.codehaus.groovy.runtime.metaclass.MetaMethodIndex.addMethodToList(Ljava/lang/Object;Lgroovy/lang/MetaMethod;)Ljava/lang/Object; @ 226
Event: 8.518 Thread 0x000000001bb48000 Uncommon trap: reason=unstable_if action=reinterpret pc=0x0000000003972260 method=java.net.URI.match(CJJ)Z @ 45
Event: 8.772 Thread 0x000000001bb48000 Uncommon trap: reason=unstable_if action=reinterpret pc=0x000000000367103c method=jdk.internal.org.objectweb.asm.Type.getArgumentsAndReturnSizes(Ljava/lang/String;)I @ 88
Event: 9.370 Thread 0x000000001ba61000 Uncommon trap: reason=class_check action=maybe_recompile pc=0x0000000003678adc method=java.util.concurrent.ConcurrentHashMap.putVal(Ljava/lang/Object;Ljava/lang/Object;Z)Ljava/lang/Object; @ 192

Classes redefined (0 events):
No events

Internal exceptions (10 events):
Event: 8.289 Thread 0x000000001bb48000 Exception <a 'java/lang/ClassNotFoundException': org/gradle/api/internal/artifacts/dsl/DefaultRepositoryHandler_DecoratedCustomizer> (0x00000000d8e4ca28) thrown at [C:\src\AOSP-openjdk-git\hotspot\src\share\vm\classfile\systemDictionary.cpp, line 210]
Event: 8.479 Thread 0x000000001bb48000 Exception <a 'java/lang/ClassNotFoundException': org/gradle/api/internal/artifacts/dsl/dependencies/DefaultDependencyHandler_DecoratedBeanInfo> (0x00000000d5de8dc8) thrown at [C:\src\AOSP-openjdk-git\hotspot\src\share\vm\classfile\systemDictionary.cpp, li
Event: 8.480 Thread 0x000000001bb48000 Exception <a 'java/lang/ClassNotFoundException': org/gradle/api/internal/artifacts/dsl/dependencies/DefaultDependencyHandlerBeanInfo> (0x00000000d5e44058) thrown at [C:\src\AOSP-openjdk-git\hotspot\src\share\vm\classfile\systemDictionary.cpp, line 210]
Event: 8.482 Thread 0x000000001bb48000 Exception <a 'java/lang/ClassNotFoundException': org/gradle/api/internal/artifacts/dsl/dependencies/DefaultDependencyHandlerCustomizer> (0x00000000d5ea01d0) thrown at [C:\src\AOSP-openjdk-git\hotspot\src\share\vm\classfile\systemDictionary.cpp, line 210]
Event: 8.485 Thread 0x000000001bb48000 Exception <a 'java/lang/ClassNotFoundException': org/gradle/api/internal/artifacts/dsl/dependencies/DefaultDependencyHandler_DecoratedCustomizer> (0x00000000d5f2db30) thrown at [C:\src\AOSP-openjdk-git\hotspot\src\share\vm\classfile\systemDictionary.cpp, 
Event: 8.767 Thread 0x000000001bb48000 Exception <a 'java/lang/IncompatibleClassChangeError': Found class java.lang.Object, but interface was expected> (0x00000000d7ad1178) thrown at [C:\src\AOSP-openjdk-git\hotspot\src\share\vm\interpreter\linkResolver.cpp, line 653]
Event: 8.770 Thread 0x000000001bb48000 Exception <a 'java/lang/NoSuchMethodError': java.lang.Object.lambda$comparing$77a9974f$1(Ljava/util/function/Function;Ljava/lang/Object;Ljava/lang/Object;)I> (0x00000000d7adc6d8) thrown at [C:\src\AOSP-openjdk-git\hotspot\src\share\vm\interpreter\linkReso
Event: 8.774 Thread 0x000000001bb48000 Exception <a 'java/lang/NoSuchMethodError': java.lang.Object.lambda$thenComparing$36697e65$1(Ljava/util/Comparator;Ljava/lang/Object;Ljava/lang/Object;)I> (0x00000000d7af0900) thrown at [C:\src\AOSP-openjdk-git\hotspot\src\share\vm\interpreter\linkResolve
Event: 8.777 Thread 0x000000001bb48000 Exception <a 'java/lang/NoSuchMethodError': java.lang.Object.lambda$comparing$ea9a8b3a$1(Ljava/util/Comparator;Ljava/util/function/Function;Ljava/lang/Object;Ljava/lang/Object;)I> (0x00000000d7b07b10) thrown at [C:\src\AOSP-openjdk-git\hotspot\src\share\v
Event: 9.337 Thread 0x000000001bb48000 Exception <a 'java/lang/NoSuchMethodError': java.lang.Object.lambda$static$0(Lorg/gradle/api/internal/artifacts/ivyservice/resolveengine/artifact/ArtifactVisitor;)V> (0x00000000d6598c60) thrown at [C:\src\AOSP-openjdk-git\hotspot\src\share\vm\interpreter\

Events (10 events):
Event: 9.381 loading class org/gradle/api/internal/artifacts/ivyservice/resolutionstrategy/DefaultCachePolicy$CachedArtifactResolutionControl
Event: 9.381 loading class org/gradle/api/internal/artifacts/ivyservice/resolutionstrategy/DefaultCachePolicy$CachedArtifactResolutionControl done
Event: 9.382 loading class org/gradle/api/internal/artifacts/cache/ArtifactResolutionControl
Event: 9.382 loading class org/gradle/api/internal/artifacts/cache/ArtifactResolutionControl done
Event: 9.383 loading class org/gradle/api/internal/artifacts/DownloadArtifactBuildOperationType
Event: 9.383 loading class org/gradle/api/internal/artifacts/DownloadArtifactBuildOperationType done
Event: 9.383 loading class org/gradle/api/internal/artifacts/DownloadArtifactBuildOperationType$Result
Event: 9.383 loading class org/gradle/api/internal/artifacts/DownloadArtifactBuildOperationType$Result done
Event: 9.384 loading class org/gradle/api/internal/artifacts/DownloadArtifactBuildOperationType$1
Event: 9.384 loading class org/gradle/api/internal/artifacts/DownloadArtifactBuildOperationType$1 done


Dynamic libraries:
0x00007ff752f50000 - 0x00007ff752f81000 	C:\Program Files\Android\Android Studio\jre\bin\java.exe
0x00007ff871880000 - 0x00007ff871a70000 	C:\Windows\SYSTEM32\ntdll.dll
0x00007ff871780000 - 0x00007ff871832000 	C:\Windows\System32\KERNEL32.DLL
0x00007ff86ec80000 - 0x00007ff86ef25000 	C:\Windows\System32\KERNELBASE.dll
0x00007ff86fc70000 - 0x00007ff86fd13000 	C:\Windows\System32\ADVAPI32.dll
0x00007ff86fed0000 - 0x00007ff86ff6e000 	C:\Windows\System32\msvcrt.dll
0x00007ff871340000 - 0x00007ff8713d7000 	C:\Windows\System32\sechost.dll
0x00007ff871110000 - 0x00007ff87122f000 	C:\Windows\System32\RPCRT4.dll
0x00007ff86ff70000 - 0x00007ff870104000 	C:\Windows\System32\USER32.dll
0x00007ff86efe0000 - 0x00007ff86f001000 	C:\Windows\System32\win32u.dll
0x00007ff86fd20000 - 0x00007ff86fd46000 	C:\Windows\System32\GDI32.dll
0x00007ff86f790000 - 0x00007ff86f928000 	C:\Windows\System32\gdi32full.dll
0x00007ff86e9a0000 - 0x00007ff86ea3e000 	C:\Windows\System32\msvcp_win.dll
0x00007ff86e8a0000 - 0x00007ff86e99a000 	C:\Windows\System32\ucrtbase.dll
0x00007ff85dcf0000 - 0x00007ff85df74000 	C:\Windows\WinSxS\amd64_microsoft.windows.common-controls_6595b64144ccf1df_6.0.18362.1556_none_9e7e372fe45e41d5\COMCTL32.dll
0x00007ff86f930000 - 0x00007ff86fc66000 	C:\Windows\System32\combase.dll
0x00007ff86ef30000 - 0x00007ff86efb1000 	C:\Windows\System32\bcryptPrimitives.dll
0x00007ff8712b0000 - 0x00007ff8712de000 	C:\Windows\System32\IMM32.DLL
0x000000005bc90000 - 0x000000005bd62000 	C:\Program Files\Android\Android Studio\jre\jre\bin\msvcr100.dll
0x000000005c700000 - 0x000000005cf4b000 	C:\Program Files\Android\Android Studio\jre\jre\bin\server\jvm.dll
0x00007ff870120000 - 0x00007ff870128000 	C:\Windows\System32\PSAPI.DLL
0x00007ff85a1d0000 - 0x00007ff85a1d9000 	C:\Windows\SYSTEM32\WSOCK32.dll
0x00007ff85eb50000 - 0x00007ff85eb5a000 	C:\Windows\SYSTEM32\VERSION.dll
0x00007ff871460000 - 0x00007ff8714cf000 	C:\Windows\System32\WS2_32.dll
0x00007ff86c720000 - 0x00007ff86c744000 	C:\Windows\SYSTEM32\WINMM.dll
0x00007ff86c660000 - 0x00007ff86c68d000 	C:\Windows\SYSTEM32\winmmbase.dll
0x00007ff86ec30000 - 0x00007ff86ec7a000 	C:\Windows\System32\cfgmgr32.dll
0x00007ff86c820000 - 0x00007ff86c82f000 	C:\Program Files\Android\Android Studio\jre\jre\bin\verify.dll
0x00007ff86a2b0000 - 0x00007ff86a2d9000 	C:\Program Files\Android\Android Studio\jre\jre\bin\java.dll
0x00007ff86a4c0000 - 0x00007ff86a4d6000 	C:\Program Files\Android\Android Studio\jre\jre\bin\zip.dll
0x00007ff870480000 - 0x00007ff870b67000 	C:\Windows\System32\SHELL32.dll
0x00007ff86fd50000 - 0x00007ff86fdf8000 	C:\Windows\System32\shcore.dll
0x00007ff86f010000 - 0x00007ff86f78b000 	C:\Windows\System32\windows.storage.dll
0x00007ff86e740000 - 0x00007ff86e75e000 	C:\Windows\System32\profapi.dll
0x00007ff86e780000 - 0x00007ff86e7ca000 	C:\Windows\System32\powrprof.dll
0x00007ff86e730000 - 0x00007ff86e740000 	C:\Windows\System32\UMPDC.dll
0x00007ff871230000 - 0x00007ff871282000 	C:\Windows\System32\shlwapi.dll
0x00007ff86e7d0000 - 0x00007ff86e7e1000 	C:\Windows\System32\kernel.appcore.dll
0x00007ff86efc0000 - 0x00007ff86efd7000 	C:\Windows\System32\cryptsp.dll
0x00007ff86a230000 - 0x00007ff86a24a000 	C:\Program Files\Android\Android Studio\jre\jre\bin\net.dll
0x00007ff86df70000 - 0x00007ff86dfd7000 	C:\Windows\system32\mswsock.dll
0x00007ff86a1f0000 - 0x00007ff86a203000 	C:\Program Files\Android\Android Studio\jre\jre\bin\nio.dll
0x00007ff868160000 - 0x00007ff868186000 	C:\Users\HY\.gradle\native\31\windows-amd64\native-platform.dll
0x00007ff86c7f0000 - 0x00007ff86c7fd000 	C:\Program Files\Android\Android Studio\jre\jre\bin\management.dll
0x00007ff86daf0000 - 0x00007ff86db23000 	C:\Windows\system32\rsaenh.dll
0x00007ff86ec00000 - 0x00007ff86ec26000 	C:\Windows\System32\bcrypt.dll
0x00007ff86e620000 - 0x00007ff86e645000 	C:\Windows\SYSTEM32\USERENV.dll
0x00007ff86e140000 - 0x00007ff86e14c000 	C:\Windows\SYSTEM32\CRYPTBASE.dll
0x00007ff86dc80000 - 0x00007ff86dcba000 	C:\Windows\SYSTEM32\IPHLPAPI.DLL
0x00007ff871610000 - 0x00007ff871618000 	C:\Windows\System32\NSI.dll
0x00007ff85eb60000 - 0x00007ff85eb76000 	C:\Windows\SYSTEM32\dhcpcsvc6.DLL
0x00007ff85f520000 - 0x00007ff85f53c000 	C:\Windows\SYSTEM32\dhcpcsvc.DLL
0x00007ff86dcc0000 - 0x00007ff86dd8b000 	C:\Windows\SYSTEM32\DNSAPI.dll

VM Arguments:
jvm_args: -Xmx2048m -Dfile.encoding=UTF-8 -Duser.country=CN -Duser.language=zh -Duser.variant 
java_command: org.gradle.launcher.daemon.bootstrap.GradleDaemon 6.1.1
java_class_path (initial): C:\Users\HY\.gradle\wrapper\dists\gradle-6.1.1-all\cfmwm155h49vnt3hynmlrsdst\gradle-6.1.1\lib\gradle-launcher-6.1.1.jar
Launcher Type: SUN_STANDARD

Environment Variables:
JAVA_HOME=F:\Java\JDK1.8
CLASSPATH=F:\Java\JDK1.8\lib\dt.jar;F:\Java\JDK1.8\lib\tools.jar;
PATH=F:\Java\JDK1.8\bin;F:\Java\JDK1.8\jre\bin;F:\Node\procedure;F:\Node\procedure\node_global;F:\Node\procedure\node_modules;C:\Windows\system32;C:\Windows;C:\Windows\System32\Wbem;C:\Windows\System32\WindowsPowerShell\v1.0\;C:\Windows\System32\OpenSSH\;%CATALINA_HOME%\bin;%CATALINA_HOME%\lib;C:\Program Files\Microsoft SQL Server\120\Tools\Binn\;C:\Program Files\Common Files\Autodesk Shared\;C:\Program Files (x86)\AMD\ATI.ACE\Core-Static;F:\BOSCMD\windows-bcecmd-0.3.0;H:\GIS\superMap\ioboject\9.0.1\Bin;C:\Program Files\MongoDB\Server\4.2\bin;C:\Users\HY\AppData\Local\Android\Sdk\platform-tools;C:\Program Files\TortoiseGit\bin;C:\Program Files\TortoiseSVN\bin;F:\Git\Git\cmd;C:\Program Files\VisualSVN Server\bin;C:\Users\HY\AppData\Local\Programs\Python\Python39\Scripts\;C:\Users\HY\AppData\Local\Programs\Python\Python39\;C:\Users\HY\AppData\Local\Microsoft\WindowsApps;;C:\Users\HY\AppData\Local\Programs\Microsoft VS Code\bin
USERNAME=HY
OS=Windows_NT
PROCESSOR_IDENTIFIER=Intel64 Family 6 Model 60 Stepping 3, GenuineIntel



---------------  S Y S T E M  ---------------

OS: Windows 10.0 , 64 bit Build 18362 (10.0.18362.1500)

CPU:total 8 (initial active 8) (4 cores per cpu, 2 threads per core) family 6 model 60 stepping 3, cmov, cx8, fxsr, mmx, sse, sse2, sse3, ssse3, sse4.1, sse4.2, popcnt, avx, avx2, aes, clmul, erms, lzcnt, ht, tsc, tscinvbit, bmi1, bmi2

Memory: 4k page, physical 16680348k(5158856k free), swap 26332248k(5624k free)

vm_info: OpenJDK 64-Bit Server VM (25.242-b01) for windows-amd64 JRE (1.8.0_242-release-1644-b01), built by "builder" with MS VC++ 10.0 (VS2010)

time: Wed Oct 06 13:54:39 2021
timezone: 中国标准时间
elapsed time: 9 seconds (0d 0h 0m 9s)

